{"D:\\Kuliah\\Tugas Akhir\\code\\dist\\src\\config\\databaseConfig.js": {"path":"D:\\Kuliah\\Tugas Akhir\\code\\dist\\src\\config\\databaseConfig.js","statementMap":{"0":{"start":{"line":2,"column":0},"end":{"line":2,"column":62}},"1":{"start":{"line":3,"column":0},"end":{"line":3,"column":108}},"2":{"start":{"line":4,"column":17},"end":{"line":4,"column":34}},"3":{"start":{"line":5,"column":0},"end":{"line":5,"column":23}},"4":{"start":{"line":6,"column":0},"end":{"line":6,"column":35}},"5":{"start":{"line":7,"column":0},"end":{"line":7,"column":35}},"6":{"start":{"line":8,"column":0},"end":{"line":8,"column":43}},"7":{"start":{"line":9,"column":0},"end":{"line":9,"column":37}},"8":{"start":{"line":10,"column":0},"end":{"line":10,"column":45}},"9":{"start":{"line":11,"column":0},"end":{"line":11,"column":29}}},"fnMap":{},"branchMap":{},"s":{"0":1,"1":1,"2":1,"3":1,"4":1,"5":1,"6":1,"7":1,"8":1,"9":1},"f":{},"b":{},"inputSourceMap":null,"_coverageSchema":"1a1c01bbd47fc00a2c39e90264f33305004495a9","hash":"5a83e92eab7f3e2173cfdaa15606d0fd9461b2a6"}
,"D:\\Kuliah\\Tugas Akhir\\code\\dist\\src\\repositories\\dbConnect.js": {"path":"D:\\Kuliah\\Tugas Akhir\\code\\dist\\src\\repositories\\dbConnect.js","statementMap":{"0":{"start":{"line":2,"column":22},"end":{"line":12,"column":3}},"1":{"start":{"line":3,"column":4},"end":{"line":3,"column":33}},"2":{"start":{"line":3,"column":26},"end":{"line":3,"column":33}},"3":{"start":{"line":4,"column":15},"end":{"line":4,"column":52}},"4":{"start":{"line":5,"column":4},"end":{"line":7,"column":5}},"5":{"start":{"line":6,"column":6},"end":{"line":6,"column":68}},"6":{"start":{"line":6,"column":51},"end":{"line":6,"column":63}},"7":{"start":{"line":8,"column":4},"end":{"line":8,"column":39}},"8":{"start":{"line":10,"column":4},"end":{"line":10,"column":33}},"9":{"start":{"line":10,"column":26},"end":{"line":10,"column":33}},"10":{"start":{"line":11,"column":4},"end":{"line":11,"column":17}},"11":{"start":{"line":13,"column":25},"end":{"line":17,"column":2}},"12":{"start":{"line":14,"column":4},"end":{"line":14,"column":72}},"13":{"start":{"line":16,"column":4},"end":{"line":16,"column":21}},"14":{"start":{"line":18,"column":19},"end":{"line":24,"column":1}},"15":{"start":{"line":19,"column":4},"end":{"line":19,"column":42}},"16":{"start":{"line":19,"column":31},"end":{"line":19,"column":42}},"17":{"start":{"line":20,"column":17},"end":{"line":20,"column":19}},"18":{"start":{"line":21,"column":4},"end":{"line":21,"column":141}},"19":{"start":{"line":21,"column":21},"end":{"line":21,"column":141}},"20":{"start":{"line":21,"column":40},"end":{"line":21,"column":141}},"21":{"start":{"line":21,"column":109},"end":{"line":21,"column":141}},"22":{"start":{"line":22,"column":4},"end":{"line":22,"column":36}},"23":{"start":{"line":23,"column":4},"end":{"line":23,"column":18}},"24":{"start":{"line":25,"column":16},"end":{"line":33,"column":1}},"25":{"start":{"line":26,"column":28},"end":{"line":26,"column":110}},"26":{"start":{"line":26,"column":91},"end":{"line":26,"column":106}},"27":{"start":{"line":27,"column":4},"end":{"line":32,"column":7}},"28":{"start":{"line":28,"column":36},"end":{"line":28,"column":97}},"29":{"start":{"line":28,"column":42},"end":{"line":28,"column":70}},"30":{"start":{"line":28,"column":85},"end":{"line":28,"column":95}},"31":{"start":{"line":29,"column":35},"end":{"line":29,"column":100}},"32":{"start":{"line":29,"column":41},"end":{"line":29,"column":73}},"33":{"start":{"line":29,"column":88},"end":{"line":29,"column":98}},"34":{"start":{"line":30,"column":32},"end":{"line":30,"column":116}},"35":{"start":{"line":31,"column":8},"end":{"line":31,"column":78}},"36":{"start":{"line":34,"column":0},"end":{"line":34,"column":62}},"37":{"start":{"line":35,"column":13},"end":{"line":35,"column":26}},"38":{"start":{"line":36,"column":17},"end":{"line":36,"column":66}},"39":{"start":{"line":37,"column":13},"end":{"line":43,"column":2}},"40":{"start":{"line":44,"column":0},"end":{"line":53,"column":6}},"41":{"start":{"line":44,"column":7},"end":{"line":53,"column":2}},"42":{"start":{"line":45,"column":4},"end":{"line":52,"column":5}},"43":{"start":{"line":46,"column":23},"end":{"line":46,"column":43}},"44":{"start":{"line":47,"column":8},"end":{"line":47,"column":55}},"45":{"start":{"line":48,"column":8},"end":{"line":48,"column":72}},"46":{"start":{"line":51,"column":8},"end":{"line":51,"column":70}},"47":{"start":{"line":54,"column":0},"end":{"line":56,"column":2}},"48":{"start":{"line":55,"column":34},"end":{"line":55,"column":58}}},"fnMap":{"0":{"name":"(anonymous_0)","decl":{"start":{"line":2,"column":74},"end":{"line":2,"column":75}},"loc":{"start":{"line":2,"column":96},"end":{"line":9,"column":1}},"line":2},"1":{"name":"(anonymous_1)","decl":{"start":{"line":6,"column":38},"end":{"line":6,"column":39}},"loc":{"start":{"line":6,"column":49},"end":{"line":6,"column":65}},"line":6},"2":{"name":"(anonymous_2)","decl":{"start":{"line":9,"column":6},"end":{"line":9,"column":7}},"loc":{"start":{"line":9,"column":28},"end":{"line":12,"column":1}},"line":9},"3":{"name":"(anonymous_3)","decl":{"start":{"line":13,"column":80},"end":{"line":13,"column":81}},"loc":{"start":{"line":13,"column":95},"end":{"line":15,"column":1}},"line":13},"4":{"name":"(anonymous_4)","decl":{"start":{"line":15,"column":5},"end":{"line":15,"column":6}},"loc":{"start":{"line":15,"column":20},"end":{"line":17,"column":1}},"line":15},"5":{"name":"(anonymous_5)","decl":{"start":{"line":18,"column":50},"end":{"line":18,"column":51}},"loc":{"start":{"line":18,"column":65},"end":{"line":24,"column":1}},"line":18},"6":{"name":"(anonymous_6)","decl":{"start":{"line":25,"column":44},"end":{"line":25,"column":45}},"loc":{"start":{"line":25,"column":89},"end":{"line":33,"column":1}},"line":25},"7":{"name":"adopt","decl":{"start":{"line":26,"column":13},"end":{"line":26,"column":18}},"loc":{"start":{"line":26,"column":26},"end":{"line":26,"column":112}},"line":26},"8":{"name":"(anonymous_8)","decl":{"start":{"line":26,"column":70},"end":{"line":26,"column":71}},"loc":{"start":{"line":26,"column":89},"end":{"line":26,"column":108}},"line":26},"9":{"name":"(anonymous_9)","decl":{"start":{"line":27,"column":36},"end":{"line":27,"column":37}},"loc":{"start":{"line":27,"column":63},"end":{"line":32,"column":5}},"line":27},"10":{"name":"fulfilled","decl":{"start":{"line":28,"column":17},"end":{"line":28,"column":26}},"loc":{"start":{"line":28,"column":34},"end":{"line":28,"column":99}},"line":28},"11":{"name":"rejected","decl":{"start":{"line":29,"column":17},"end":{"line":29,"column":25}},"loc":{"start":{"line":29,"column":33},"end":{"line":29,"column":102}},"line":29},"12":{"name":"step","decl":{"start":{"line":30,"column":17},"end":{"line":30,"column":21}},"loc":{"start":{"line":30,"column":30},"end":{"line":30,"column":118}},"line":30},"13":{"name":"(anonymous_13)","decl":{"start":{"line":44,"column":1},"end":{"line":44,"column":2}},"loc":{"start":{"line":44,"column":7},"end":{"line":53,"column":2}},"line":44},"14":{"name":"(anonymous_14)","decl":{"start":{"line":44,"column":41},"end":{"line":44,"column":42}},"loc":{"start":{"line":44,"column":54},"end":{"line":53,"column":1}},"line":44},"15":{"name":"(anonymous_15)","decl":{"start":{"line":55,"column":11},"end":{"line":55,"column":12}},"loc":{"start":{"line":55,"column":34},"end":{"line":55,"column":58}},"line":55}},"branchMap":{"0":{"loc":{"start":{"line":2,"column":22},"end":{"line":12,"column":3}},"type":"binary-expr","locations":[{"start":{"line":2,"column":23},"end":{"line":2,"column":27}},{"start":{"line":2,"column":31},"end":{"line":2,"column":51}},{"start":{"line":2,"column":57},"end":{"line":12,"column":2}}],"line":2},"1":{"loc":{"start":{"line":2,"column":57},"end":{"line":12,"column":2}},"type":"cond-expr","locations":[{"start":{"line":2,"column":74},"end":{"line":9,"column":1}},{"start":{"line":9,"column":6},"end":{"line":12,"column":1}}],"line":2},"2":{"loc":{"start":{"line":3,"column":4},"end":{"line":3,"column":33}},"type":"if","locations":[{"start":{"line":3,"column":4},"end":{"line":3,"column":33}},{"start":{},"end":{}}],"line":3},"3":{"loc":{"start":{"line":5,"column":4},"end":{"line":7,"column":5}},"type":"if","locations":[{"start":{"line":5,"column":4},"end":{"line":7,"column":5}},{"start":{},"end":{}}],"line":5},"4":{"loc":{"start":{"line":5,"column":8},"end":{"line":5,"column":85}},"type":"binary-expr","locations":[{"start":{"line":5,"column":8},"end":{"line":5,"column":13}},{"start":{"line":5,"column":18},"end":{"line":5,"column":84}}],"line":5},"5":{"loc":{"start":{"line":5,"column":18},"end":{"line":5,"column":84}},"type":"cond-expr","locations":[{"start":{"line":5,"column":34},"end":{"line":5,"column":47}},{"start":{"line":5,"column":50},"end":{"line":5,"column":84}}],"line":5},"6":{"loc":{"start":{"line":5,"column":50},"end":{"line":5,"column":84}},"type":"binary-expr","locations":[{"start":{"line":5,"column":50},"end":{"line":5,"column":63}},{"start":{"line":5,"column":67},"end":{"line":5,"column":84}}],"line":5},"7":{"loc":{"start":{"line":10,"column":4},"end":{"line":10,"column":33}},"type":"if","locations":[{"start":{"line":10,"column":4},"end":{"line":10,"column":33}},{"start":{},"end":{}}],"line":10},"8":{"loc":{"start":{"line":13,"column":25},"end":{"line":17,"column":2}},"type":"binary-expr","locations":[{"start":{"line":13,"column":26},"end":{"line":13,"column":30}},{"start":{"line":13,"column":34},"end":{"line":13,"column":57}},{"start":{"line":13,"column":63},"end":{"line":17,"column":1}}],"line":13},"9":{"loc":{"start":{"line":13,"column":63},"end":{"line":17,"column":1}},"type":"cond-expr","locations":[{"start":{"line":13,"column":80},"end":{"line":15,"column":1}},{"start":{"line":15,"column":5},"end":{"line":17,"column":1}}],"line":13},"10":{"loc":{"start":{"line":18,"column":19},"end":{"line":24,"column":1}},"type":"binary-expr","locations":[{"start":{"line":18,"column":20},"end":{"line":18,"column":24}},{"start":{"line":18,"column":28},"end":{"line":18,"column":45}},{"start":{"line":18,"column":50},"end":{"line":24,"column":1}}],"line":18},"11":{"loc":{"start":{"line":19,"column":4},"end":{"line":19,"column":42}},"type":"if","locations":[{"start":{"line":19,"column":4},"end":{"line":19,"column":42}},{"start":{},"end":{}}],"line":19},"12":{"loc":{"start":{"line":19,"column":8},"end":{"line":19,"column":29}},"type":"binary-expr","locations":[{"start":{"line":19,"column":8},"end":{"line":19,"column":11}},{"start":{"line":19,"column":15},"end":{"line":19,"column":29}}],"line":19},"13":{"loc":{"start":{"line":21,"column":4},"end":{"line":21,"column":141}},"type":"if","locations":[{"start":{"line":21,"column":4},"end":{"line":21,"column":141}},{"start":{},"end":{}}],"line":21},"14":{"loc":{"start":{"line":21,"column":40},"end":{"line":21,"column":141}},"type":"if","locations":[{"start":{"line":21,"column":40},"end":{"line":21,"column":141}},{"start":{},"end":{}}],"line":21},"15":{"loc":{"start":{"line":21,"column":44},"end":{"line":21,"column":107}},"type":"binary-expr","locations":[{"start":{"line":21,"column":44},"end":{"line":21,"column":59}},{"start":{"line":21,"column":63},"end":{"line":21,"column":107}}],"line":21},"16":{"loc":{"start":{"line":25,"column":16},"end":{"line":33,"column":1}},"type":"binary-expr","locations":[{"start":{"line":25,"column":17},"end":{"line":25,"column":21}},{"start":{"line":25,"column":25},"end":{"line":25,"column":39}},{"start":{"line":25,"column":44},"end":{"line":33,"column":1}}],"line":25},"17":{"loc":{"start":{"line":26,"column":35},"end":{"line":26,"column":109}},"type":"cond-expr","locations":[{"start":{"line":26,"column":56},"end":{"line":26,"column":61}},{"start":{"line":26,"column":64},"end":{"line":26,"column":109}}],"line":26},"18":{"loc":{"start":{"line":27,"column":16},"end":{"line":27,"column":34}},"type":"binary-expr","locations":[{"start":{"line":27,"column":16},"end":{"line":27,"column":17}},{"start":{"line":27,"column":22},"end":{"line":27,"column":33}}],"line":27},"19":{"loc":{"start":{"line":30,"column":32},"end":{"line":30,"column":115}},"type":"cond-expr","locations":[{"start":{"line":30,"column":46},"end":{"line":30,"column":67}},{"start":{"line":30,"column":70},"end":{"line":30,"column":115}}],"line":30},"20":{"loc":{"start":{"line":31,"column":51},"end":{"line":31,"column":67}},"type":"binary-expr","locations":[{"start":{"line":31,"column":51},"end":{"line":31,"column":61}},{"start":{"line":31,"column":65},"end":{"line":31,"column":67}}],"line":31},"21":{"loc":{"start":{"line":55,"column":18},"end":{"line":55,"column":29}},"type":"default-arg","locations":[{"start":{"line":55,"column":27},"end":{"line":55,"column":29}}],"line":55}},"s":{"0":1,"1":0,"2":0,"3":0,"4":0,"5":0,"6":0,"7":0,"8":0,"9":0,"10":0,"11":1,"12":0,"13":0,"14":1,"15":1,"16":1,"17":0,"18":0,"19":0,"20":0,"21":0,"22":0,"23":0,"24":1,"25":1,"26":0,"27":1,"28":1,"29":1,"30":0,"31":0,"32":0,"33":0,"34":2,"35":1,"36":1,"37":1,"38":1,"39":1,"40":1,"41":1,"42":1,"43":1,"44":1,"45":1,"46":0,"47":1,"48":12},"f":{"0":0,"1":0,"2":0,"3":0,"4":0,"5":1,"6":1,"7":1,"8":0,"9":1,"10":1,"11":0,"12":2,"13":1,"14":1,"15":12},"b":{"0":[1,1,1],"1":[1,0],"2":[0,0],"3":[0,0],"4":[0,0],"5":[0,0],"6":[0,0],"7":[0,0],"8":[1,1,1],"9":[1,0],"10":[1,1,1],"11":[1,0],"12":[1,1],"13":[0,0],"14":[0,0],"15":[0,0],"16":[1,1,1],"17":[1,0],"18":[1,1],"19":[1,1],"20":[1,1],"21":[12]},"inputSourceMap":null,"_coverageSchema":"1a1c01bbd47fc00a2c39e90264f33305004495a9","hash":"99cf164a1e3db2a098b91d8d432f67e18dcbdefe"}
,"D:\\Kuliah\\Tugas Akhir\\code\\dist\\src\\repositories\\pengirimanDataAnamnesis.js": {"path":"D:\\Kuliah\\Tugas Akhir\\code\\dist\\src\\repositories\\pengirimanDataAnamnesis.js","statementMap":{"0":{"start":{"line":2,"column":16},"end":{"line":10,"column":1}},"1":{"start":{"line":3,"column":28},"end":{"line":3,"column":110}},"2":{"start":{"line":3,"column":91},"end":{"line":3,"column":106}},"3":{"start":{"line":4,"column":4},"end":{"line":9,"column":7}},"4":{"start":{"line":5,"column":36},"end":{"line":5,"column":97}},"5":{"start":{"line":5,"column":42},"end":{"line":5,"column":70}},"6":{"start":{"line":5,"column":85},"end":{"line":5,"column":95}},"7":{"start":{"line":6,"column":35},"end":{"line":6,"column":100}},"8":{"start":{"line":6,"column":41},"end":{"line":6,"column":73}},"9":{"start":{"line":6,"column":88},"end":{"line":6,"column":98}},"10":{"start":{"line":7,"column":32},"end":{"line":7,"column":116}},"11":{"start":{"line":8,"column":8},"end":{"line":8,"column":78}},"12":{"start":{"line":11,"column":22},"end":{"line":13,"column":1}},"13":{"start":{"line":12,"column":4},"end":{"line":12,"column":62}},"14":{"start":{"line":14,"column":0},"end":{"line":14,"column":62}},"15":{"start":{"line":15,"column":0},"end":{"line":15,"column":40}},"16":{"start":{"line":16,"column":23},"end":{"line":16,"column":72}},"17":{"start":{"line":17,"column":20},"end":{"line":17,"column":59}},"18":{"start":{"line":19,"column":4},"end":{"line":118,"column":7}},"19":{"start":{"line":20,"column":8},"end":{"line":117,"column":9}},"20":{"start":{"line":21,"column":52},"end":{"line":107,"column":14}},"21":{"start":{"line":108,"column":31},"end":{"line":111,"column":13}},"22":{"start":{"line":112,"column":12},"end":{"line":112,"column":30}},"23":{"start":{"line":115,"column":12},"end":{"line":115,"column":65}},"24":{"start":{"line":116,"column":12},"end":{"line":116,"column":129}}},"fnMap":{"0":{"name":"(anonymous_0)","decl":{"start":{"line":2,"column":44},"end":{"line":2,"column":45}},"loc":{"start":{"line":2,"column":89},"end":{"line":10,"column":1}},"line":2},"1":{"name":"adopt","decl":{"start":{"line":3,"column":13},"end":{"line":3,"column":18}},"loc":{"start":{"line":3,"column":26},"end":{"line":3,"column":112}},"line":3},"2":{"name":"(anonymous_2)","decl":{"start":{"line":3,"column":70},"end":{"line":3,"column":71}},"loc":{"start":{"line":3,"column":89},"end":{"line":3,"column":108}},"line":3},"3":{"name":"(anonymous_3)","decl":{"start":{"line":4,"column":36},"end":{"line":4,"column":37}},"loc":{"start":{"line":4,"column":63},"end":{"line":9,"column":5}},"line":4},"4":{"name":"fulfilled","decl":{"start":{"line":5,"column":17},"end":{"line":5,"column":26}},"loc":{"start":{"line":5,"column":34},"end":{"line":5,"column":99}},"line":5},"5":{"name":"rejected","decl":{"start":{"line":6,"column":17},"end":{"line":6,"column":25}},"loc":{"start":{"line":6,"column":33},"end":{"line":6,"column":102}},"line":6},"6":{"name":"step","decl":{"start":{"line":7,"column":17},"end":{"line":7,"column":21}},"loc":{"start":{"line":7,"column":30},"end":{"line":7,"column":118}},"line":7},"7":{"name":"(anonymous_7)","decl":{"start":{"line":11,"column":56},"end":{"line":11,"column":57}},"loc":{"start":{"line":11,"column":71},"end":{"line":13,"column":1}},"line":11},"8":{"name":"dapatkanDataAnamnesis","decl":{"start":{"line":18,"column":9},"end":{"line":18,"column":30}},"loc":{"start":{"line":18,"column":72},"end":{"line":119,"column":1}},"line":18},"9":{"name":"(anonymous_9)","decl":{"start":{"line":19,"column":43},"end":{"line":19,"column":44}},"loc":{"start":{"line":19,"column":56},"end":{"line":118,"column":5}},"line":19}},"branchMap":{"0":{"loc":{"start":{"line":2,"column":16},"end":{"line":10,"column":1}},"type":"binary-expr","locations":[{"start":{"line":2,"column":17},"end":{"line":2,"column":21}},{"start":{"line":2,"column":25},"end":{"line":2,"column":39}},{"start":{"line":2,"column":44},"end":{"line":10,"column":1}}],"line":2},"1":{"loc":{"start":{"line":3,"column":35},"end":{"line":3,"column":109}},"type":"cond-expr","locations":[{"start":{"line":3,"column":56},"end":{"line":3,"column":61}},{"start":{"line":3,"column":64},"end":{"line":3,"column":109}}],"line":3},"2":{"loc":{"start":{"line":4,"column":16},"end":{"line":4,"column":34}},"type":"binary-expr","locations":[{"start":{"line":4,"column":16},"end":{"line":4,"column":17}},{"start":{"line":4,"column":22},"end":{"line":4,"column":33}}],"line":4},"3":{"loc":{"start":{"line":7,"column":32},"end":{"line":7,"column":115}},"type":"cond-expr","locations":[{"start":{"line":7,"column":46},"end":{"line":7,"column":67}},{"start":{"line":7,"column":70},"end":{"line":7,"column":115}}],"line":7},"4":{"loc":{"start":{"line":8,"column":51},"end":{"line":8,"column":67}},"type":"binary-expr","locations":[{"start":{"line":8,"column":51},"end":{"line":8,"column":61}},{"start":{"line":8,"column":65},"end":{"line":8,"column":67}}],"line":8},"5":{"loc":{"start":{"line":11,"column":22},"end":{"line":13,"column":1}},"type":"binary-expr","locations":[{"start":{"line":11,"column":23},"end":{"line":11,"column":27}},{"start":{"line":11,"column":31},"end":{"line":11,"column":51}},{"start":{"line":11,"column":56},"end":{"line":13,"column":1}}],"line":11},"6":{"loc":{"start":{"line":12,"column":11},"end":{"line":12,"column":61}},"type":"cond-expr","locations":[{"start":{"line":12,"column":37},"end":{"line":12,"column":40}},{"start":{"line":12,"column":43},"end":{"line":12,"column":61}}],"line":12},"7":{"loc":{"start":{"line":12,"column":12},"end":{"line":12,"column":33}},"type":"binary-expr","locations":[{"start":{"line":12,"column":12},"end":{"line":12,"column":15}},{"start":{"line":12,"column":19},"end":{"line":12,"column":33}}],"line":12}},"s":{"0":1,"1":1,"2":0,"3":1,"4":1,"5":1,"6":0,"7":0,"8":0,"9":0,"10":2,"11":1,"12":1,"13":2,"14":1,"15":1,"16":1,"17":1,"18":1,"19":1,"20":1,"21":1,"22":1,"23":0,"24":0},"f":{"0":1,"1":1,"2":0,"3":1,"4":1,"5":0,"6":2,"7":2,"8":1,"9":1},"b":{"0":[1,1,1],"1":[1,0],"2":[1,1],"3":[1,1],"4":[1,1],"5":[1,1,1],"6":[2,0],"7":[2,2]},"inputSourceMap":null,"_coverageSchema":"1a1c01bbd47fc00a2c39e90264f33305004495a9","hash":"c7a30adbca60dbf3732dc9166b5aa33747853f90"}
,"D:\\Kuliah\\Tugas Akhir\\code\\dist\\src\\repositories\\pengirimanDataDiagnosis.js": {"path":"D:\\Kuliah\\Tugas Akhir\\code\\dist\\src\\repositories\\pengirimanDataDiagnosis.js","statementMap":{"0":{"start":{"line":2,"column":16},"end":{"line":10,"column":1}},"1":{"start":{"line":3,"column":28},"end":{"line":3,"column":110}},"2":{"start":{"line":3,"column":91},"end":{"line":3,"column":106}},"3":{"start":{"line":4,"column":4},"end":{"line":9,"column":7}},"4":{"start":{"line":5,"column":36},"end":{"line":5,"column":97}},"5":{"start":{"line":5,"column":42},"end":{"line":5,"column":70}},"6":{"start":{"line":5,"column":85},"end":{"line":5,"column":95}},"7":{"start":{"line":6,"column":35},"end":{"line":6,"column":100}},"8":{"start":{"line":6,"column":41},"end":{"line":6,"column":73}},"9":{"start":{"line":6,"column":88},"end":{"line":6,"column":98}},"10":{"start":{"line":7,"column":32},"end":{"line":7,"column":116}},"11":{"start":{"line":8,"column":8},"end":{"line":8,"column":78}},"12":{"start":{"line":11,"column":22},"end":{"line":13,"column":1}},"13":{"start":{"line":12,"column":4},"end":{"line":12,"column":62}},"14":{"start":{"line":14,"column":0},"end":{"line":14,"column":62}},"15":{"start":{"line":15,"column":0},"end":{"line":15,"column":40}},"16":{"start":{"line":16,"column":23},"end":{"line":16,"column":72}},"17":{"start":{"line":17,"column":20},"end":{"line":17,"column":59}},"18":{"start":{"line":19,"column":4},"end":{"line":71,"column":7}},"19":{"start":{"line":20,"column":8},"end":{"line":70,"column":9}},"20":{"start":{"line":21,"column":30},"end":{"line":64,"column":14}},"21":{"start":{"line":65,"column":12},"end":{"line":65,"column":34}},"22":{"start":{"line":68,"column":12},"end":{"line":68,"column":65}},"23":{"start":{"line":69,"column":12},"end":{"line":69,"column":129}}},"fnMap":{"0":{"name":"(anonymous_0)","decl":{"start":{"line":2,"column":44},"end":{"line":2,"column":45}},"loc":{"start":{"line":2,"column":89},"end":{"line":10,"column":1}},"line":2},"1":{"name":"adopt","decl":{"start":{"line":3,"column":13},"end":{"line":3,"column":18}},"loc":{"start":{"line":3,"column":26},"end":{"line":3,"column":112}},"line":3},"2":{"name":"(anonymous_2)","decl":{"start":{"line":3,"column":70},"end":{"line":3,"column":71}},"loc":{"start":{"line":3,"column":89},"end":{"line":3,"column":108}},"line":3},"3":{"name":"(anonymous_3)","decl":{"start":{"line":4,"column":36},"end":{"line":4,"column":37}},"loc":{"start":{"line":4,"column":63},"end":{"line":9,"column":5}},"line":4},"4":{"name":"fulfilled","decl":{"start":{"line":5,"column":17},"end":{"line":5,"column":26}},"loc":{"start":{"line":5,"column":34},"end":{"line":5,"column":99}},"line":5},"5":{"name":"rejected","decl":{"start":{"line":6,"column":17},"end":{"line":6,"column":25}},"loc":{"start":{"line":6,"column":33},"end":{"line":6,"column":102}},"line":6},"6":{"name":"step","decl":{"start":{"line":7,"column":17},"end":{"line":7,"column":21}},"loc":{"start":{"line":7,"column":30},"end":{"line":7,"column":118}},"line":7},"7":{"name":"(anonymous_7)","decl":{"start":{"line":11,"column":56},"end":{"line":11,"column":57}},"loc":{"start":{"line":11,"column":71},"end":{"line":13,"column":1}},"line":11},"8":{"name":"dapatkanDataDiagnosis","decl":{"start":{"line":18,"column":9},"end":{"line":18,"column":30}},"loc":{"start":{"line":18,"column":72},"end":{"line":72,"column":1}},"line":18},"9":{"name":"(anonymous_9)","decl":{"start":{"line":19,"column":43},"end":{"line":19,"column":44}},"loc":{"start":{"line":19,"column":56},"end":{"line":71,"column":5}},"line":19}},"branchMap":{"0":{"loc":{"start":{"line":2,"column":16},"end":{"line":10,"column":1}},"type":"binary-expr","locations":[{"start":{"line":2,"column":17},"end":{"line":2,"column":21}},{"start":{"line":2,"column":25},"end":{"line":2,"column":39}},{"start":{"line":2,"column":44},"end":{"line":10,"column":1}}],"line":2},"1":{"loc":{"start":{"line":3,"column":35},"end":{"line":3,"column":109}},"type":"cond-expr","locations":[{"start":{"line":3,"column":56},"end":{"line":3,"column":61}},{"start":{"line":3,"column":64},"end":{"line":3,"column":109}}],"line":3},"2":{"loc":{"start":{"line":4,"column":16},"end":{"line":4,"column":34}},"type":"binary-expr","locations":[{"start":{"line":4,"column":16},"end":{"line":4,"column":17}},{"start":{"line":4,"column":22},"end":{"line":4,"column":33}}],"line":4},"3":{"loc":{"start":{"line":7,"column":32},"end":{"line":7,"column":115}},"type":"cond-expr","locations":[{"start":{"line":7,"column":46},"end":{"line":7,"column":67}},{"start":{"line":7,"column":70},"end":{"line":7,"column":115}}],"line":7},"4":{"loc":{"start":{"line":8,"column":51},"end":{"line":8,"column":67}},"type":"binary-expr","locations":[{"start":{"line":8,"column":51},"end":{"line":8,"column":61}},{"start":{"line":8,"column":65},"end":{"line":8,"column":67}}],"line":8},"5":{"loc":{"start":{"line":11,"column":22},"end":{"line":13,"column":1}},"type":"binary-expr","locations":[{"start":{"line":11,"column":23},"end":{"line":11,"column":27}},{"start":{"line":11,"column":31},"end":{"line":11,"column":51}},{"start":{"line":11,"column":56},"end":{"line":13,"column":1}}],"line":11},"6":{"loc":{"start":{"line":12,"column":11},"end":{"line":12,"column":61}},"type":"cond-expr","locations":[{"start":{"line":12,"column":37},"end":{"line":12,"column":40}},{"start":{"line":12,"column":43},"end":{"line":12,"column":61}}],"line":12},"7":{"loc":{"start":{"line":12,"column":12},"end":{"line":12,"column":33}},"type":"binary-expr","locations":[{"start":{"line":12,"column":12},"end":{"line":12,"column":15}},{"start":{"line":12,"column":19},"end":{"line":12,"column":33}}],"line":12}},"s":{"0":1,"1":1,"2":0,"3":1,"4":1,"5":1,"6":0,"7":0,"8":0,"9":0,"10":2,"11":1,"12":1,"13":2,"14":1,"15":1,"16":1,"17":1,"18":1,"19":1,"20":1,"21":1,"22":0,"23":0},"f":{"0":1,"1":1,"2":0,"3":1,"4":1,"5":0,"6":2,"7":2,"8":1,"9":1},"b":{"0":[1,1,1],"1":[1,0],"2":[1,1],"3":[1,1],"4":[1,1],"5":[1,1,1],"6":[2,0],"7":[2,2]},"inputSourceMap":null,"_coverageSchema":"1a1c01bbd47fc00a2c39e90264f33305004495a9","hash":"578bde75b2c0dacdeb2cf485dd486f7c3bc8385c"}
,"D:\\Kuliah\\Tugas Akhir\\code\\dist\\src\\repositories\\pengirimanDataHasilPemeriksaanFisik.js": {"path":"D:\\Kuliah\\Tugas Akhir\\code\\dist\\src\\repositories\\pengirimanDataHasilPemeriksaanFisik.js","statementMap":{"0":{"start":{"line":2,"column":16},"end":{"line":10,"column":1}},"1":{"start":{"line":3,"column":28},"end":{"line":3,"column":110}},"2":{"start":{"line":3,"column":91},"end":{"line":3,"column":106}},"3":{"start":{"line":4,"column":4},"end":{"line":9,"column":7}},"4":{"start":{"line":5,"column":36},"end":{"line":5,"column":97}},"5":{"start":{"line":5,"column":42},"end":{"line":5,"column":70}},"6":{"start":{"line":5,"column":85},"end":{"line":5,"column":95}},"7":{"start":{"line":6,"column":35},"end":{"line":6,"column":100}},"8":{"start":{"line":6,"column":41},"end":{"line":6,"column":73}},"9":{"start":{"line":6,"column":88},"end":{"line":6,"column":98}},"10":{"start":{"line":7,"column":32},"end":{"line":7,"column":116}},"11":{"start":{"line":8,"column":8},"end":{"line":8,"column":78}},"12":{"start":{"line":11,"column":22},"end":{"line":13,"column":1}},"13":{"start":{"line":12,"column":4},"end":{"line":12,"column":62}},"14":{"start":{"line":14,"column":0},"end":{"line":14,"column":62}},"15":{"start":{"line":15,"column":0},"end":{"line":15,"column":48}},"16":{"start":{"line":16,"column":23},"end":{"line":16,"column":72}},"17":{"start":{"line":17,"column":20},"end":{"line":17,"column":59}},"18":{"start":{"line":19,"column":4},"end":{"line":84,"column":7}},"19":{"start":{"line":20,"column":8},"end":{"line":83,"column":9}},"20":{"start":{"line":21,"column":27},"end":{"line":77,"column":10}},"21":{"start":{"line":78,"column":12},"end":{"line":78,"column":31}},"22":{"start":{"line":81,"column":12},"end":{"line":81,"column":76}},"23":{"start":{"line":82,"column":12},"end":{"line":82,"column":140}}},"fnMap":{"0":{"name":"(anonymous_0)","decl":{"start":{"line":2,"column":44},"end":{"line":2,"column":45}},"loc":{"start":{"line":2,"column":89},"end":{"line":10,"column":1}},"line":2},"1":{"name":"adopt","decl":{"start":{"line":3,"column":13},"end":{"line":3,"column":18}},"loc":{"start":{"line":3,"column":26},"end":{"line":3,"column":112}},"line":3},"2":{"name":"(anonymous_2)","decl":{"start":{"line":3,"column":70},"end":{"line":3,"column":71}},"loc":{"start":{"line":3,"column":89},"end":{"line":3,"column":108}},"line":3},"3":{"name":"(anonymous_3)","decl":{"start":{"line":4,"column":36},"end":{"line":4,"column":37}},"loc":{"start":{"line":4,"column":63},"end":{"line":9,"column":5}},"line":4},"4":{"name":"fulfilled","decl":{"start":{"line":5,"column":17},"end":{"line":5,"column":26}},"loc":{"start":{"line":5,"column":34},"end":{"line":5,"column":99}},"line":5},"5":{"name":"rejected","decl":{"start":{"line":6,"column":17},"end":{"line":6,"column":25}},"loc":{"start":{"line":6,"column":33},"end":{"line":6,"column":102}},"line":6},"6":{"name":"step","decl":{"start":{"line":7,"column":17},"end":{"line":7,"column":21}},"loc":{"start":{"line":7,"column":30},"end":{"line":7,"column":118}},"line":7},"7":{"name":"(anonymous_7)","decl":{"start":{"line":11,"column":56},"end":{"line":11,"column":57}},"loc":{"start":{"line":11,"column":71},"end":{"line":13,"column":1}},"line":11},"8":{"name":"dapatkanHasilPemeriksaanFisik","decl":{"start":{"line":18,"column":9},"end":{"line":18,"column":38}},"loc":{"start":{"line":18,"column":57},"end":{"line":85,"column":1}},"line":18},"9":{"name":"(anonymous_9)","decl":{"start":{"line":19,"column":43},"end":{"line":19,"column":44}},"loc":{"start":{"line":19,"column":56},"end":{"line":84,"column":5}},"line":19}},"branchMap":{"0":{"loc":{"start":{"line":2,"column":16},"end":{"line":10,"column":1}},"type":"binary-expr","locations":[{"start":{"line":2,"column":17},"end":{"line":2,"column":21}},{"start":{"line":2,"column":25},"end":{"line":2,"column":39}},{"start":{"line":2,"column":44},"end":{"line":10,"column":1}}],"line":2},"1":{"loc":{"start":{"line":3,"column":35},"end":{"line":3,"column":109}},"type":"cond-expr","locations":[{"start":{"line":3,"column":56},"end":{"line":3,"column":61}},{"start":{"line":3,"column":64},"end":{"line":3,"column":109}}],"line":3},"2":{"loc":{"start":{"line":4,"column":16},"end":{"line":4,"column":34}},"type":"binary-expr","locations":[{"start":{"line":4,"column":16},"end":{"line":4,"column":17}},{"start":{"line":4,"column":22},"end":{"line":4,"column":33}}],"line":4},"3":{"loc":{"start":{"line":7,"column":32},"end":{"line":7,"column":115}},"type":"cond-expr","locations":[{"start":{"line":7,"column":46},"end":{"line":7,"column":67}},{"start":{"line":7,"column":70},"end":{"line":7,"column":115}}],"line":7},"4":{"loc":{"start":{"line":8,"column":51},"end":{"line":8,"column":67}},"type":"binary-expr","locations":[{"start":{"line":8,"column":51},"end":{"line":8,"column":61}},{"start":{"line":8,"column":65},"end":{"line":8,"column":67}}],"line":8},"5":{"loc":{"start":{"line":11,"column":22},"end":{"line":13,"column":1}},"type":"binary-expr","locations":[{"start":{"line":11,"column":23},"end":{"line":11,"column":27}},{"start":{"line":11,"column":31},"end":{"line":11,"column":51}},{"start":{"line":11,"column":56},"end":{"line":13,"column":1}}],"line":11},"6":{"loc":{"start":{"line":12,"column":11},"end":{"line":12,"column":61}},"type":"cond-expr","locations":[{"start":{"line":12,"column":37},"end":{"line":12,"column":40}},{"start":{"line":12,"column":43},"end":{"line":12,"column":61}}],"line":12},"7":{"loc":{"start":{"line":12,"column":12},"end":{"line":12,"column":33}},"type":"binary-expr","locations":[{"start":{"line":12,"column":12},"end":{"line":12,"column":15}},{"start":{"line":12,"column":19},"end":{"line":12,"column":33}}],"line":12}},"s":{"0":1,"1":1,"2":0,"3":1,"4":1,"5":1,"6":0,"7":0,"8":0,"9":0,"10":2,"11":1,"12":1,"13":2,"14":1,"15":1,"16":1,"17":1,"18":1,"19":1,"20":1,"21":1,"22":0,"23":0},"f":{"0":1,"1":1,"2":0,"3":1,"4":1,"5":0,"6":2,"7":2,"8":1,"9":1},"b":{"0":[1,1,1],"1":[1,0],"2":[1,1],"3":[1,1],"4":[1,1],"5":[1,1,1],"6":[2,0],"7":[2,2]},"inputSourceMap":null,"_coverageSchema":"1a1c01bbd47fc00a2c39e90264f33305004495a9","hash":"57d9f4749a788a633621ed57f6c3f8ca77e4e7a8"}
,"D:\\Kuliah\\Tugas Akhir\\code\\dist\\src\\repositories\\pengirimanDataPemeriksaanPenunjangLaboratorium.js": {"path":"D:\\Kuliah\\Tugas Akhir\\code\\dist\\src\\repositories\\pengirimanDataPemeriksaanPenunjangLaboratorium.js","statementMap":{"0":{"start":{"line":2,"column":16},"end":{"line":10,"column":1}},"1":{"start":{"line":3,"column":28},"end":{"line":3,"column":110}},"2":{"start":{"line":3,"column":91},"end":{"line":3,"column":106}},"3":{"start":{"line":4,"column":4},"end":{"line":9,"column":7}},"4":{"start":{"line":5,"column":36},"end":{"line":5,"column":97}},"5":{"start":{"line":5,"column":42},"end":{"line":5,"column":70}},"6":{"start":{"line":5,"column":85},"end":{"line":5,"column":95}},"7":{"start":{"line":6,"column":35},"end":{"line":6,"column":100}},"8":{"start":{"line":6,"column":41},"end":{"line":6,"column":73}},"9":{"start":{"line":6,"column":88},"end":{"line":6,"column":98}},"10":{"start":{"line":7,"column":32},"end":{"line":7,"column":116}},"11":{"start":{"line":8,"column":8},"end":{"line":8,"column":78}},"12":{"start":{"line":11,"column":22},"end":{"line":13,"column":1}},"13":{"start":{"line":12,"column":4},"end":{"line":12,"column":62}},"14":{"start":{"line":14,"column":0},"end":{"line":14,"column":62}},"15":{"start":{"line":15,"column":0},"end":{"line":15,"column":41}},"16":{"start":{"line":16,"column":23},"end":{"line":16,"column":72}},"17":{"start":{"line":17,"column":20},"end":{"line":17,"column":59}},"18":{"start":{"line":19,"column":4},"end":{"line":261,"column":7}},"19":{"start":{"line":20,"column":8},"end":{"line":260,"column":9}},"20":{"start":{"line":21,"column":78},"end":{"line":248,"column":14}},"21":{"start":{"line":249,"column":31},"end":{"line":254,"column":13}},"22":{"start":{"line":255,"column":12},"end":{"line":255,"column":30}},"23":{"start":{"line":258,"column":12},"end":{"line":258,"column":64}},"24":{"start":{"line":259,"column":12},"end":{"line":259,"column":128}}},"fnMap":{"0":{"name":"(anonymous_0)","decl":{"start":{"line":2,"column":44},"end":{"line":2,"column":45}},"loc":{"start":{"line":2,"column":89},"end":{"line":10,"column":1}},"line":2},"1":{"name":"adopt","decl":{"start":{"line":3,"column":13},"end":{"line":3,"column":18}},"loc":{"start":{"line":3,"column":26},"end":{"line":3,"column":112}},"line":3},"2":{"name":"(anonymous_2)","decl":{"start":{"line":3,"column":70},"end":{"line":3,"column":71}},"loc":{"start":{"line":3,"column":89},"end":{"line":3,"column":108}},"line":3},"3":{"name":"(anonymous_3)","decl":{"start":{"line":4,"column":36},"end":{"line":4,"column":37}},"loc":{"start":{"line":4,"column":63},"end":{"line":9,"column":5}},"line":4},"4":{"name":"fulfilled","decl":{"start":{"line":5,"column":17},"end":{"line":5,"column":26}},"loc":{"start":{"line":5,"column":34},"end":{"line":5,"column":99}},"line":5},"5":{"name":"rejected","decl":{"start":{"line":6,"column":17},"end":{"line":6,"column":25}},"loc":{"start":{"line":6,"column":33},"end":{"line":6,"column":102}},"line":6},"6":{"name":"step","decl":{"start":{"line":7,"column":17},"end":{"line":7,"column":21}},"loc":{"start":{"line":7,"column":30},"end":{"line":7,"column":118}},"line":7},"7":{"name":"(anonymous_7)","decl":{"start":{"line":11,"column":56},"end":{"line":11,"column":57}},"loc":{"start":{"line":11,"column":71},"end":{"line":13,"column":1}},"line":11},"8":{"name":"dapatkanPemeriksaanLab","decl":{"start":{"line":18,"column":9},"end":{"line":18,"column":31}},"loc":{"start":{"line":18,"column":50},"end":{"line":262,"column":1}},"line":18},"9":{"name":"(anonymous_9)","decl":{"start":{"line":19,"column":43},"end":{"line":19,"column":44}},"loc":{"start":{"line":19,"column":56},"end":{"line":261,"column":5}},"line":19}},"branchMap":{"0":{"loc":{"start":{"line":2,"column":16},"end":{"line":10,"column":1}},"type":"binary-expr","locations":[{"start":{"line":2,"column":17},"end":{"line":2,"column":21}},{"start":{"line":2,"column":25},"end":{"line":2,"column":39}},{"start":{"line":2,"column":44},"end":{"line":10,"column":1}}],"line":2},"1":{"loc":{"start":{"line":3,"column":35},"end":{"line":3,"column":109}},"type":"cond-expr","locations":[{"start":{"line":3,"column":56},"end":{"line":3,"column":61}},{"start":{"line":3,"column":64},"end":{"line":3,"column":109}}],"line":3},"2":{"loc":{"start":{"line":4,"column":16},"end":{"line":4,"column":34}},"type":"binary-expr","locations":[{"start":{"line":4,"column":16},"end":{"line":4,"column":17}},{"start":{"line":4,"column":22},"end":{"line":4,"column":33}}],"line":4},"3":{"loc":{"start":{"line":7,"column":32},"end":{"line":7,"column":115}},"type":"cond-expr","locations":[{"start":{"line":7,"column":46},"end":{"line":7,"column":67}},{"start":{"line":7,"column":70},"end":{"line":7,"column":115}}],"line":7},"4":{"loc":{"start":{"line":8,"column":51},"end":{"line":8,"column":67}},"type":"binary-expr","locations":[{"start":{"line":8,"column":51},"end":{"line":8,"column":61}},{"start":{"line":8,"column":65},"end":{"line":8,"column":67}}],"line":8},"5":{"loc":{"start":{"line":11,"column":22},"end":{"line":13,"column":1}},"type":"binary-expr","locations":[{"start":{"line":11,"column":23},"end":{"line":11,"column":27}},{"start":{"line":11,"column":31},"end":{"line":11,"column":51}},{"start":{"line":11,"column":56},"end":{"line":13,"column":1}}],"line":11},"6":{"loc":{"start":{"line":12,"column":11},"end":{"line":12,"column":61}},"type":"cond-expr","locations":[{"start":{"line":12,"column":37},"end":{"line":12,"column":40}},{"start":{"line":12,"column":43},"end":{"line":12,"column":61}}],"line":12},"7":{"loc":{"start":{"line":12,"column":12},"end":{"line":12,"column":33}},"type":"binary-expr","locations":[{"start":{"line":12,"column":12},"end":{"line":12,"column":15}},{"start":{"line":12,"column":19},"end":{"line":12,"column":33}}],"line":12}},"s":{"0":1,"1":1,"2":0,"3":1,"4":1,"5":1,"6":0,"7":0,"8":0,"9":0,"10":2,"11":1,"12":1,"13":2,"14":1,"15":1,"16":1,"17":1,"18":1,"19":1,"20":1,"21":1,"22":1,"23":0,"24":0},"f":{"0":1,"1":1,"2":0,"3":1,"4":1,"5":0,"6":2,"7":2,"8":1,"9":1},"b":{"0":[1,1,1],"1":[1,0],"2":[1,1],"3":[1,1],"4":[1,1],"5":[1,1,1],"6":[2,0],"7":[2,2]},"inputSourceMap":null,"_coverageSchema":"1a1c01bbd47fc00a2c39e90264f33305004495a9","hash":"1f44df761b9e7d7f4ab568ac3360bb6a57ba7374"}
,"D:\\Kuliah\\Tugas Akhir\\code\\dist\\src\\repositories\\pengirimanDataPengeluaranObat.js": {"path":"D:\\Kuliah\\Tugas Akhir\\code\\dist\\src\\repositories\\pengirimanDataPengeluaranObat.js","statementMap":{"0":{"start":{"line":2,"column":16},"end":{"line":10,"column":1}},"1":{"start":{"line":3,"column":28},"end":{"line":3,"column":110}},"2":{"start":{"line":3,"column":91},"end":{"line":3,"column":106}},"3":{"start":{"line":4,"column":4},"end":{"line":9,"column":7}},"4":{"start":{"line":5,"column":36},"end":{"line":5,"column":97}},"5":{"start":{"line":5,"column":42},"end":{"line":5,"column":70}},"6":{"start":{"line":5,"column":85},"end":{"line":5,"column":95}},"7":{"start":{"line":6,"column":35},"end":{"line":6,"column":100}},"8":{"start":{"line":6,"column":41},"end":{"line":6,"column":73}},"9":{"start":{"line":6,"column":88},"end":{"line":6,"column":98}},"10":{"start":{"line":7,"column":32},"end":{"line":7,"column":116}},"11":{"start":{"line":8,"column":8},"end":{"line":8,"column":78}},"12":{"start":{"line":11,"column":22},"end":{"line":13,"column":1}},"13":{"start":{"line":12,"column":4},"end":{"line":12,"column":62}},"14":{"start":{"line":14,"column":0},"end":{"line":14,"column":62}},"15":{"start":{"line":15,"column":0},"end":{"line":15,"column":42}},"16":{"start":{"line":16,"column":23},"end":{"line":16,"column":72}},"17":{"start":{"line":17,"column":20},"end":{"line":17,"column":59}},"18":{"start":{"line":19,"column":4},"end":{"line":240,"column":7}},"19":{"start":{"line":20,"column":8},"end":{"line":239,"column":9}},"20":{"start":{"line":21,"column":31},"end":{"line":130,"column":14}},"21":{"start":{"line":131,"column":39},"end":{"line":229,"column":14}},"22":{"start":{"line":230,"column":31},"end":{"line":233,"column":13}},"23":{"start":{"line":234,"column":12},"end":{"line":234,"column":30}},"24":{"start":{"line":237,"column":12},"end":{"line":237,"column":77}},"25":{"start":{"line":238,"column":12},"end":{"line":238,"column":141}}},"fnMap":{"0":{"name":"(anonymous_0)","decl":{"start":{"line":2,"column":44},"end":{"line":2,"column":45}},"loc":{"start":{"line":2,"column":89},"end":{"line":10,"column":1}},"line":2},"1":{"name":"adopt","decl":{"start":{"line":3,"column":13},"end":{"line":3,"column":18}},"loc":{"start":{"line":3,"column":26},"end":{"line":3,"column":112}},"line":3},"2":{"name":"(anonymous_2)","decl":{"start":{"line":3,"column":70},"end":{"line":3,"column":71}},"loc":{"start":{"line":3,"column":89},"end":{"line":3,"column":108}},"line":3},"3":{"name":"(anonymous_3)","decl":{"start":{"line":4,"column":36},"end":{"line":4,"column":37}},"loc":{"start":{"line":4,"column":63},"end":{"line":9,"column":5}},"line":4},"4":{"name":"fulfilled","decl":{"start":{"line":5,"column":17},"end":{"line":5,"column":26}},"loc":{"start":{"line":5,"column":34},"end":{"line":5,"column":99}},"line":5},"5":{"name":"rejected","decl":{"start":{"line":6,"column":17},"end":{"line":6,"column":25}},"loc":{"start":{"line":6,"column":33},"end":{"line":6,"column":102}},"line":6},"6":{"name":"step","decl":{"start":{"line":7,"column":17},"end":{"line":7,"column":21}},"loc":{"start":{"line":7,"column":30},"end":{"line":7,"column":118}},"line":7},"7":{"name":"(anonymous_7)","decl":{"start":{"line":11,"column":56},"end":{"line":11,"column":57}},"loc":{"start":{"line":11,"column":71},"end":{"line":13,"column":1}},"line":11},"8":{"name":"dapatkanPengeluaranObat","decl":{"start":{"line":18,"column":9},"end":{"line":18,"column":32}},"loc":{"start":{"line":18,"column":51},"end":{"line":241,"column":1}},"line":18},"9":{"name":"(anonymous_9)","decl":{"start":{"line":19,"column":43},"end":{"line":19,"column":44}},"loc":{"start":{"line":19,"column":56},"end":{"line":240,"column":5}},"line":19}},"branchMap":{"0":{"loc":{"start":{"line":2,"column":16},"end":{"line":10,"column":1}},"type":"binary-expr","locations":[{"start":{"line":2,"column":17},"end":{"line":2,"column":21}},{"start":{"line":2,"column":25},"end":{"line":2,"column":39}},{"start":{"line":2,"column":44},"end":{"line":10,"column":1}}],"line":2},"1":{"loc":{"start":{"line":3,"column":35},"end":{"line":3,"column":109}},"type":"cond-expr","locations":[{"start":{"line":3,"column":56},"end":{"line":3,"column":61}},{"start":{"line":3,"column":64},"end":{"line":3,"column":109}}],"line":3},"2":{"loc":{"start":{"line":4,"column":16},"end":{"line":4,"column":34}},"type":"binary-expr","locations":[{"start":{"line":4,"column":16},"end":{"line":4,"column":17}},{"start":{"line":4,"column":22},"end":{"line":4,"column":33}}],"line":4},"3":{"loc":{"start":{"line":7,"column":32},"end":{"line":7,"column":115}},"type":"cond-expr","locations":[{"start":{"line":7,"column":46},"end":{"line":7,"column":67}},{"start":{"line":7,"column":70},"end":{"line":7,"column":115}}],"line":7},"4":{"loc":{"start":{"line":8,"column":51},"end":{"line":8,"column":67}},"type":"binary-expr","locations":[{"start":{"line":8,"column":51},"end":{"line":8,"column":61}},{"start":{"line":8,"column":65},"end":{"line":8,"column":67}}],"line":8},"5":{"loc":{"start":{"line":11,"column":22},"end":{"line":13,"column":1}},"type":"binary-expr","locations":[{"start":{"line":11,"column":23},"end":{"line":11,"column":27}},{"start":{"line":11,"column":31},"end":{"line":11,"column":51}},{"start":{"line":11,"column":56},"end":{"line":13,"column":1}}],"line":11},"6":{"loc":{"start":{"line":12,"column":11},"end":{"line":12,"column":61}},"type":"cond-expr","locations":[{"start":{"line":12,"column":37},"end":{"line":12,"column":40}},{"start":{"line":12,"column":43},"end":{"line":12,"column":61}}],"line":12},"7":{"loc":{"start":{"line":12,"column":12},"end":{"line":12,"column":33}},"type":"binary-expr","locations":[{"start":{"line":12,"column":12},"end":{"line":12,"column":15}},{"start":{"line":12,"column":19},"end":{"line":12,"column":33}}],"line":12}},"s":{"0":1,"1":2,"2":0,"3":1,"4":2,"5":2,"6":0,"7":0,"8":0,"9":0,"10":3,"11":1,"12":1,"13":2,"14":1,"15":1,"16":1,"17":1,"18":1,"19":1,"20":1,"21":1,"22":1,"23":1,"24":0,"25":0},"f":{"0":1,"1":2,"2":0,"3":1,"4":2,"5":0,"6":3,"7":2,"8":1,"9":1},"b":{"0":[1,1,1],"1":[2,0],"2":[1,1],"3":[1,2],"4":[1,1],"5":[1,1,1],"6":[2,0],"7":[2,2]},"inputSourceMap":null,"_coverageSchema":"1a1c01bbd47fc00a2c39e90264f33305004495a9","hash":"6cfb08b5713db29ad9931cc37e301233ce39ec02"}
,"D:\\Kuliah\\Tugas Akhir\\code\\dist\\src\\repositories\\pengirimanDataPeresepanObat.js": {"path":"D:\\Kuliah\\Tugas Akhir\\code\\dist\\src\\repositories\\pengirimanDataPeresepanObat.js","statementMap":{"0":{"start":{"line":2,"column":16},"end":{"line":10,"column":1}},"1":{"start":{"line":3,"column":28},"end":{"line":3,"column":110}},"2":{"start":{"line":3,"column":91},"end":{"line":3,"column":106}},"3":{"start":{"line":4,"column":4},"end":{"line":9,"column":7}},"4":{"start":{"line":5,"column":36},"end":{"line":5,"column":97}},"5":{"start":{"line":5,"column":42},"end":{"line":5,"column":70}},"6":{"start":{"line":5,"column":85},"end":{"line":5,"column":95}},"7":{"start":{"line":6,"column":35},"end":{"line":6,"column":100}},"8":{"start":{"line":6,"column":41},"end":{"line":6,"column":73}},"9":{"start":{"line":6,"column":88},"end":{"line":6,"column":98}},"10":{"start":{"line":7,"column":32},"end":{"line":7,"column":116}},"11":{"start":{"line":8,"column":8},"end":{"line":8,"column":78}},"12":{"start":{"line":11,"column":22},"end":{"line":13,"column":1}},"13":{"start":{"line":12,"column":4},"end":{"line":12,"column":62}},"14":{"start":{"line":14,"column":0},"end":{"line":14,"column":62}},"15":{"start":{"line":15,"column":0},"end":{"line":15,"column":40}},"16":{"start":{"line":16,"column":23},"end":{"line":16,"column":72}},"17":{"start":{"line":17,"column":20},"end":{"line":17,"column":59}},"18":{"start":{"line":19,"column":4},"end":{"line":240,"column":7}},"19":{"start":{"line":20,"column":8},"end":{"line":239,"column":9}},"20":{"start":{"line":21,"column":31},"end":{"line":130,"column":14}},"21":{"start":{"line":131,"column":38},"end":{"line":229,"column":14}},"22":{"start":{"line":230,"column":31},"end":{"line":233,"column":13}},"23":{"start":{"line":234,"column":12},"end":{"line":234,"column":30}},"24":{"start":{"line":237,"column":12},"end":{"line":237,"column":77}},"25":{"start":{"line":238,"column":12},"end":{"line":238,"column":141}}},"fnMap":{"0":{"name":"(anonymous_0)","decl":{"start":{"line":2,"column":44},"end":{"line":2,"column":45}},"loc":{"start":{"line":2,"column":89},"end":{"line":10,"column":1}},"line":2},"1":{"name":"adopt","decl":{"start":{"line":3,"column":13},"end":{"line":3,"column":18}},"loc":{"start":{"line":3,"column":26},"end":{"line":3,"column":112}},"line":3},"2":{"name":"(anonymous_2)","decl":{"start":{"line":3,"column":70},"end":{"line":3,"column":71}},"loc":{"start":{"line":3,"column":89},"end":{"line":3,"column":108}},"line":3},"3":{"name":"(anonymous_3)","decl":{"start":{"line":4,"column":36},"end":{"line":4,"column":37}},"loc":{"start":{"line":4,"column":63},"end":{"line":9,"column":5}},"line":4},"4":{"name":"fulfilled","decl":{"start":{"line":5,"column":17},"end":{"line":5,"column":26}},"loc":{"start":{"line":5,"column":34},"end":{"line":5,"column":99}},"line":5},"5":{"name":"rejected","decl":{"start":{"line":6,"column":17},"end":{"line":6,"column":25}},"loc":{"start":{"line":6,"column":33},"end":{"line":6,"column":102}},"line":6},"6":{"name":"step","decl":{"start":{"line":7,"column":17},"end":{"line":7,"column":21}},"loc":{"start":{"line":7,"column":30},"end":{"line":7,"column":118}},"line":7},"7":{"name":"(anonymous_7)","decl":{"start":{"line":11,"column":56},"end":{"line":11,"column":57}},"loc":{"start":{"line":11,"column":71},"end":{"line":13,"column":1}},"line":11},"8":{"name":"dapatkanPeresepanObat","decl":{"start":{"line":18,"column":9},"end":{"line":18,"column":30}},"loc":{"start":{"line":18,"column":49},"end":{"line":241,"column":1}},"line":18},"9":{"name":"(anonymous_9)","decl":{"start":{"line":19,"column":43},"end":{"line":19,"column":44}},"loc":{"start":{"line":19,"column":56},"end":{"line":240,"column":5}},"line":19}},"branchMap":{"0":{"loc":{"start":{"line":2,"column":16},"end":{"line":10,"column":1}},"type":"binary-expr","locations":[{"start":{"line":2,"column":17},"end":{"line":2,"column":21}},{"start":{"line":2,"column":25},"end":{"line":2,"column":39}},{"start":{"line":2,"column":44},"end":{"line":10,"column":1}}],"line":2},"1":{"loc":{"start":{"line":3,"column":35},"end":{"line":3,"column":109}},"type":"cond-expr","locations":[{"start":{"line":3,"column":56},"end":{"line":3,"column":61}},{"start":{"line":3,"column":64},"end":{"line":3,"column":109}}],"line":3},"2":{"loc":{"start":{"line":4,"column":16},"end":{"line":4,"column":34}},"type":"binary-expr","locations":[{"start":{"line":4,"column":16},"end":{"line":4,"column":17}},{"start":{"line":4,"column":22},"end":{"line":4,"column":33}}],"line":4},"3":{"loc":{"start":{"line":7,"column":32},"end":{"line":7,"column":115}},"type":"cond-expr","locations":[{"start":{"line":7,"column":46},"end":{"line":7,"column":67}},{"start":{"line":7,"column":70},"end":{"line":7,"column":115}}],"line":7},"4":{"loc":{"start":{"line":8,"column":51},"end":{"line":8,"column":67}},"type":"binary-expr","locations":[{"start":{"line":8,"column":51},"end":{"line":8,"column":61}},{"start":{"line":8,"column":65},"end":{"line":8,"column":67}}],"line":8},"5":{"loc":{"start":{"line":11,"column":22},"end":{"line":13,"column":1}},"type":"binary-expr","locations":[{"start":{"line":11,"column":23},"end":{"line":11,"column":27}},{"start":{"line":11,"column":31},"end":{"line":11,"column":51}},{"start":{"line":11,"column":56},"end":{"line":13,"column":1}}],"line":11},"6":{"loc":{"start":{"line":12,"column":11},"end":{"line":12,"column":61}},"type":"cond-expr","locations":[{"start":{"line":12,"column":37},"end":{"line":12,"column":40}},{"start":{"line":12,"column":43},"end":{"line":12,"column":61}}],"line":12},"7":{"loc":{"start":{"line":12,"column":12},"end":{"line":12,"column":33}},"type":"binary-expr","locations":[{"start":{"line":12,"column":12},"end":{"line":12,"column":15}},{"start":{"line":12,"column":19},"end":{"line":12,"column":33}}],"line":12}},"s":{"0":1,"1":2,"2":0,"3":1,"4":2,"5":2,"6":0,"7":0,"8":0,"9":0,"10":3,"11":1,"12":1,"13":2,"14":1,"15":1,"16":1,"17":1,"18":1,"19":1,"20":1,"21":1,"22":1,"23":1,"24":0,"25":0},"f":{"0":1,"1":2,"2":0,"3":1,"4":2,"5":0,"6":3,"7":2,"8":1,"9":1},"b":{"0":[1,1,1],"1":[2,0],"2":[1,1],"3":[1,2],"4":[1,1],"5":[1,1,1],"6":[2,0],"7":[2,2]},"inputSourceMap":null,"_coverageSchema":"1a1c01bbd47fc00a2c39e90264f33305004495a9","hash":"e012fb784a3fd904097d74dc8dc647a8f82f0477"}
,"D:\\Kuliah\\Tugas Akhir\\code\\dist\\src\\services\\dataKunjunganRawatInapService.js": {"path":"D:\\Kuliah\\Tugas Akhir\\code\\dist\\src\\services\\dataKunjunganRawatInapService.js","statementMap":{"0":{"start":{"line":2,"column":16},"end":{"line":10,"column":1}},"1":{"start":{"line":3,"column":28},"end":{"line":3,"column":110}},"2":{"start":{"line":3,"column":91},"end":{"line":3,"column":106}},"3":{"start":{"line":4,"column":4},"end":{"line":9,"column":7}},"4":{"start":{"line":5,"column":36},"end":{"line":5,"column":97}},"5":{"start":{"line":5,"column":42},"end":{"line":5,"column":70}},"6":{"start":{"line":5,"column":85},"end":{"line":5,"column":95}},"7":{"start":{"line":6,"column":35},"end":{"line":6,"column":100}},"8":{"start":{"line":6,"column":41},"end":{"line":6,"column":73}},"9":{"start":{"line":6,"column":88},"end":{"line":6,"column":98}},"10":{"start":{"line":7,"column":32},"end":{"line":7,"column":116}},"11":{"start":{"line":8,"column":8},"end":{"line":8,"column":78}},"12":{"start":{"line":11,"column":0},"end":{"line":11,"column":62}},"13":{"start":{"line":12,"column":0},"end":{"line":12,"column":48}},"14":{"start":{"line":13,"column":20},"end":{"line":13,"column":49}},"15":{"start":{"line":15,"column":4},"end":{"line":156,"column":7}},"16":{"start":{"line":16,"column":30},"end":{"line":135,"column":9}},"17":{"start":{"line":136,"column":8},"end":{"line":154,"column":9}},"18":{"start":{"line":137,"column":12},"end":{"line":153,"column":20}},"19":{"start":{"line":138,"column":58},"end":{"line":153,"column":17}},"20":{"start":{"line":155,"column":8},"end":{"line":155,"column":29}}},"fnMap":{"0":{"name":"(anonymous_0)","decl":{"start":{"line":2,"column":44},"end":{"line":2,"column":45}},"loc":{"start":{"line":2,"column":89},"end":{"line":10,"column":1}},"line":2},"1":{"name":"adopt","decl":{"start":{"line":3,"column":13},"end":{"line":3,"column":18}},"loc":{"start":{"line":3,"column":26},"end":{"line":3,"column":112}},"line":3},"2":{"name":"(anonymous_2)","decl":{"start":{"line":3,"column":70},"end":{"line":3,"column":71}},"loc":{"start":{"line":3,"column":89},"end":{"line":3,"column":108}},"line":3},"3":{"name":"(anonymous_3)","decl":{"start":{"line":4,"column":36},"end":{"line":4,"column":37}},"loc":{"start":{"line":4,"column":63},"end":{"line":9,"column":5}},"line":4},"4":{"name":"fulfilled","decl":{"start":{"line":5,"column":17},"end":{"line":5,"column":26}},"loc":{"start":{"line":5,"column":34},"end":{"line":5,"column":99}},"line":5},"5":{"name":"rejected","decl":{"start":{"line":6,"column":17},"end":{"line":6,"column":25}},"loc":{"start":{"line":6,"column":33},"end":{"line":6,"column":102}},"line":6},"6":{"name":"step","decl":{"start":{"line":7,"column":17},"end":{"line":7,"column":21}},"loc":{"start":{"line":7,"column":30},"end":{"line":7,"column":118}},"line":7},"7":{"name":"dataKunjunganRawatInapService","decl":{"start":{"line":14,"column":9},"end":{"line":14,"column":38}},"loc":{"start":{"line":14,"column":111},"end":{"line":157,"column":1}},"line":14},"8":{"name":"(anonymous_8)","decl":{"start":{"line":15,"column":43},"end":{"line":15,"column":44}},"loc":{"start":{"line":15,"column":56},"end":{"line":156,"column":5}},"line":15},"9":{"name":"(anonymous_9)","decl":{"start":{"line":138,"column":31},"end":{"line":138,"column":32}},"loc":{"start":{"line":138,"column":58},"end":{"line":153,"column":17}},"line":138}},"branchMap":{"0":{"loc":{"start":{"line":2,"column":16},"end":{"line":10,"column":1}},"type":"binary-expr","locations":[{"start":{"line":2,"column":17},"end":{"line":2,"column":21}},{"start":{"line":2,"column":25},"end":{"line":2,"column":39}},{"start":{"line":2,"column":44},"end":{"line":10,"column":1}}],"line":2},"1":{"loc":{"start":{"line":3,"column":35},"end":{"line":3,"column":109}},"type":"cond-expr","locations":[{"start":{"line":3,"column":56},"end":{"line":3,"column":61}},{"start":{"line":3,"column":64},"end":{"line":3,"column":109}}],"line":3},"2":{"loc":{"start":{"line":4,"column":16},"end":{"line":4,"column":34}},"type":"binary-expr","locations":[{"start":{"line":4,"column":16},"end":{"line":4,"column":17}},{"start":{"line":4,"column":22},"end":{"line":4,"column":33}}],"line":4},"3":{"loc":{"start":{"line":7,"column":32},"end":{"line":7,"column":115}},"type":"cond-expr","locations":[{"start":{"line":7,"column":46},"end":{"line":7,"column":67}},{"start":{"line":7,"column":70},"end":{"line":7,"column":115}}],"line":7},"4":{"loc":{"start":{"line":8,"column":51},"end":{"line":8,"column":67}},"type":"binary-expr","locations":[{"start":{"line":8,"column":51},"end":{"line":8,"column":61}},{"start":{"line":8,"column":65},"end":{"line":8,"column":67}}],"line":8},"5":{"loc":{"start":{"line":136,"column":8},"end":{"line":154,"column":9}},"type":"if","locations":[{"start":{"line":136,"column":8},"end":{"line":154,"column":9}},{"start":{},"end":{}}],"line":136},"6":{"loc":{"start":{"line":136,"column":12},"end":{"line":136,"column":62}},"type":"binary-expr","locations":[{"start":{"line":136,"column":12},"end":{"line":136,"column":37}},{"start":{"line":136,"column":41},"end":{"line":136,"column":62}}],"line":136}},"s":{"0":1,"1":0,"2":0,"3":1,"4":0,"5":0,"6":0,"7":0,"8":0,"9":0,"10":1,"11":1,"12":1,"13":1,"14":1,"15":1,"16":1,"17":1,"18":0,"19":0,"20":1},"f":{"0":1,"1":0,"2":0,"3":1,"4":0,"5":0,"6":1,"7":1,"8":1,"9":0},"b":{"0":[1,1,1],"1":[0,0],"2":[1,1],"3":[1,0],"4":[1,1],"5":[0,1],"6":[1,1]},"inputSourceMap":null,"_coverageSchema":"1a1c01bbd47fc00a2c39e90264f33305004495a9","hash":"58ff05a81fe940e281de545f58475675c9dd2355"}
,"D:\\Kuliah\\Tugas Akhir\\code\\dist\\src\\services\\pengirimanDataAnamnesisService.js": {"path":"D:\\Kuliah\\Tugas Akhir\\code\\dist\\src\\services\\pengirimanDataAnamnesisService.js","statementMap":{"0":{"start":{"line":2,"column":16},"end":{"line":10,"column":1}},"1":{"start":{"line":3,"column":28},"end":{"line":3,"column":110}},"2":{"start":{"line":3,"column":91},"end":{"line":3,"column":106}},"3":{"start":{"line":4,"column":4},"end":{"line":9,"column":7}},"4":{"start":{"line":5,"column":36},"end":{"line":5,"column":97}},"5":{"start":{"line":5,"column":42},"end":{"line":5,"column":70}},"6":{"start":{"line":5,"column":85},"end":{"line":5,"column":95}},"7":{"start":{"line":6,"column":35},"end":{"line":6,"column":100}},"8":{"start":{"line":6,"column":41},"end":{"line":6,"column":73}},"9":{"start":{"line":6,"column":88},"end":{"line":6,"column":98}},"10":{"start":{"line":7,"column":32},"end":{"line":7,"column":116}},"11":{"start":{"line":8,"column":8},"end":{"line":8,"column":78}},"12":{"start":{"line":11,"column":0},"end":{"line":11,"column":62}},"13":{"start":{"line":12,"column":0},"end":{"line":12,"column":49}},"14":{"start":{"line":13,"column":24},"end":{"line":18,"column":1}},"15":{"start":{"line":20,"column":4},"end":{"line":155,"column":7}},"16":{"start":{"line":21,"column":27},"end":{"line":21,"column":50}},"17":{"start":{"line":22,"column":35},"end":{"line":22,"column":67}},"18":{"start":{"line":23,"column":28},"end":{"line":23,"column":30}},"19":{"start":{"line":24,"column":8},"end":{"line":87,"column":9}},"20":{"start":{"line":25,"column":12},"end":{"line":86,"column":15}},"21":{"start":{"line":26,"column":16},"end":{"line":85,"column":19}},"22":{"start":{"line":27,"column":20},"end":{"line":84,"column":23}},"23":{"start":{"line":88,"column":37},"end":{"line":88,"column":39}},"24":{"start":{"line":89,"column":8},"end":{"line":152,"column":9}},"25":{"start":{"line":90,"column":12},"end":{"line":151,"column":15}},"26":{"start":{"line":91,"column":16},"end":{"line":150,"column":19}},"27":{"start":{"line":153,"column":30},"end":{"line":153,"column":75}},"28":{"start":{"line":154,"column":8},"end":{"line":154,"column":29}}},"fnMap":{"0":{"name":"(anonymous_0)","decl":{"start":{"line":2,"column":44},"end":{"line":2,"column":45}},"loc":{"start":{"line":2,"column":89},"end":{"line":10,"column":1}},"line":2},"1":{"name":"adopt","decl":{"start":{"line":3,"column":13},"end":{"line":3,"column":18}},"loc":{"start":{"line":3,"column":26},"end":{"line":3,"column":112}},"line":3},"2":{"name":"(anonymous_2)","decl":{"start":{"line":3,"column":70},"end":{"line":3,"column":71}},"loc":{"start":{"line":3,"column":89},"end":{"line":3,"column":108}},"line":3},"3":{"name":"(anonymous_3)","decl":{"start":{"line":4,"column":36},"end":{"line":4,"column":37}},"loc":{"start":{"line":4,"column":63},"end":{"line":9,"column":5}},"line":4},"4":{"name":"fulfilled","decl":{"start":{"line":5,"column":17},"end":{"line":5,"column":26}},"loc":{"start":{"line":5,"column":34},"end":{"line":5,"column":99}},"line":5},"5":{"name":"rejected","decl":{"start":{"line":6,"column":17},"end":{"line":6,"column":25}},"loc":{"start":{"line":6,"column":33},"end":{"line":6,"column":102}},"line":6},"6":{"name":"step","decl":{"start":{"line":7,"column":17},"end":{"line":7,"column":21}},"loc":{"start":{"line":7,"column":30},"end":{"line":7,"column":118}},"line":7},"7":{"name":"pengirimanDataAnamnesisService","decl":{"start":{"line":19,"column":9},"end":{"line":19,"column":39}},"loc":{"start":{"line":19,"column":73},"end":{"line":156,"column":1}},"line":19},"8":{"name":"(anonymous_8)","decl":{"start":{"line":20,"column":43},"end":{"line":20,"column":44}},"loc":{"start":{"line":20,"column":56},"end":{"line":155,"column":5}},"line":20},"9":{"name":"(anonymous_9)","decl":{"start":{"line":25,"column":31},"end":{"line":25,"column":32}},"loc":{"start":{"line":25,"column":50},"end":{"line":86,"column":13}},"line":25},"10":{"name":"(anonymous_10)","decl":{"start":{"line":26,"column":48},"end":{"line":26,"column":49}},"loc":{"start":{"line":26,"column":66},"end":{"line":85,"column":17}},"line":26},"11":{"name":"(anonymous_11)","decl":{"start":{"line":90,"column":39},"end":{"line":90,"column":40}},"loc":{"start":{"line":90,"column":56},"end":{"line":151,"column":13}},"line":90}},"branchMap":{"0":{"loc":{"start":{"line":2,"column":16},"end":{"line":10,"column":1}},"type":"binary-expr","locations":[{"start":{"line":2,"column":17},"end":{"line":2,"column":21}},{"start":{"line":2,"column":25},"end":{"line":2,"column":39}},{"start":{"line":2,"column":44},"end":{"line":10,"column":1}}],"line":2},"1":{"loc":{"start":{"line":3,"column":35},"end":{"line":3,"column":109}},"type":"cond-expr","locations":[{"start":{"line":3,"column":56},"end":{"line":3,"column":61}},{"start":{"line":3,"column":64},"end":{"line":3,"column":109}}],"line":3},"2":{"loc":{"start":{"line":4,"column":16},"end":{"line":4,"column":34}},"type":"binary-expr","locations":[{"start":{"line":4,"column":16},"end":{"line":4,"column":17}},{"start":{"line":4,"column":22},"end":{"line":4,"column":33}}],"line":4},"3":{"loc":{"start":{"line":7,"column":32},"end":{"line":7,"column":115}},"type":"cond-expr","locations":[{"start":{"line":7,"column":46},"end":{"line":7,"column":67}},{"start":{"line":7,"column":70},"end":{"line":7,"column":115}}],"line":7},"4":{"loc":{"start":{"line":8,"column":51},"end":{"line":8,"column":67}},"type":"binary-expr","locations":[{"start":{"line":8,"column":51},"end":{"line":8,"column":61}},{"start":{"line":8,"column":65},"end":{"line":8,"column":67}}],"line":8},"5":{"loc":{"start":{"line":24,"column":8},"end":{"line":87,"column":9}},"type":"if","locations":[{"start":{"line":24,"column":8},"end":{"line":87,"column":9}},{"start":{},"end":{}}],"line":24},"6":{"loc":{"start":{"line":24,"column":12},"end":{"line":24,"column":62}},"type":"binary-expr","locations":[{"start":{"line":24,"column":12},"end":{"line":24,"column":37}},{"start":{"line":24,"column":41},"end":{"line":24,"column":62}}],"line":24},"7":{"loc":{"start":{"line":89,"column":8},"end":{"line":152,"column":9}},"type":"if","locations":[{"start":{"line":89,"column":8},"end":{"line":152,"column":9}},{"start":{},"end":{}}],"line":89},"8":{"loc":{"start":{"line":89,"column":12},"end":{"line":89,"column":78}},"type":"binary-expr","locations":[{"start":{"line":89,"column":12},"end":{"line":89,"column":45}},{"start":{"line":89,"column":49},"end":{"line":89,"column":78}}],"line":89}},"s":{"0":1,"1":0,"2":0,"3":1,"4":0,"5":0,"6":0,"7":0,"8":0,"9":0,"10":1,"11":1,"12":1,"13":1,"14":1,"15":1,"16":1,"17":1,"18":1,"19":1,"20":1,"21":1,"22":1,"23":1,"24":1,"25":1,"26":1,"27":1,"28":1},"f":{"0":1,"1":0,"2":0,"3":1,"4":0,"5":0,"6":1,"7":1,"8":1,"9":1,"10":1,"11":1},"b":{"0":[1,1,1],"1":[0,0],"2":[1,1],"3":[1,0],"4":[1,1],"5":[1,0],"6":[1,1],"7":[1,0],"8":[1,1]},"inputSourceMap":null,"_coverageSchema":"1a1c01bbd47fc00a2c39e90264f33305004495a9","hash":"72f226ccdbbdd933b847604725fb0ffd234c89a8"}
,"D:\\Kuliah\\Tugas Akhir\\code\\dist\\src\\services\\pengirimanDataDiagnosisService.js": {"path":"D:\\Kuliah\\Tugas Akhir\\code\\dist\\src\\services\\pengirimanDataDiagnosisService.js","statementMap":{"0":{"start":{"line":2,"column":16},"end":{"line":10,"column":1}},"1":{"start":{"line":3,"column":28},"end":{"line":3,"column":110}},"2":{"start":{"line":3,"column":91},"end":{"line":3,"column":106}},"3":{"start":{"line":4,"column":4},"end":{"line":9,"column":7}},"4":{"start":{"line":5,"column":36},"end":{"line":5,"column":97}},"5":{"start":{"line":5,"column":42},"end":{"line":5,"column":70}},"6":{"start":{"line":5,"column":85},"end":{"line":5,"column":95}},"7":{"start":{"line":6,"column":35},"end":{"line":6,"column":100}},"8":{"start":{"line":6,"column":41},"end":{"line":6,"column":73}},"9":{"start":{"line":6,"column":88},"end":{"line":6,"column":98}},"10":{"start":{"line":7,"column":32},"end":{"line":7,"column":116}},"11":{"start":{"line":8,"column":8},"end":{"line":8,"column":78}},"12":{"start":{"line":11,"column":0},"end":{"line":11,"column":62}},"13":{"start":{"line":12,"column":0},"end":{"line":12,"column":49}},"14":{"start":{"line":14,"column":4},"end":{"line":82,"column":7}},"15":{"start":{"line":15,"column":27},"end":{"line":15,"column":40}},"16":{"start":{"line":16,"column":28},"end":{"line":16,"column":30}},"17":{"start":{"line":17,"column":8},"end":{"line":80,"column":9}},"18":{"start":{"line":18,"column":12},"end":{"line":79,"column":15}},"19":{"start":{"line":19,"column":16},"end":{"line":78,"column":19}},"20":{"start":{"line":20,"column":20},"end":{"line":77,"column":23}},"21":{"start":{"line":81,"column":8},"end":{"line":81,"column":29}}},"fnMap":{"0":{"name":"(anonymous_0)","decl":{"start":{"line":2,"column":44},"end":{"line":2,"column":45}},"loc":{"start":{"line":2,"column":89},"end":{"line":10,"column":1}},"line":2},"1":{"name":"adopt","decl":{"start":{"line":3,"column":13},"end":{"line":3,"column":18}},"loc":{"start":{"line":3,"column":26},"end":{"line":3,"column":112}},"line":3},"2":{"name":"(anonymous_2)","decl":{"start":{"line":3,"column":70},"end":{"line":3,"column":71}},"loc":{"start":{"line":3,"column":89},"end":{"line":3,"column":108}},"line":3},"3":{"name":"(anonymous_3)","decl":{"start":{"line":4,"column":36},"end":{"line":4,"column":37}},"loc":{"start":{"line":4,"column":63},"end":{"line":9,"column":5}},"line":4},"4":{"name":"fulfilled","decl":{"start":{"line":5,"column":17},"end":{"line":5,"column":26}},"loc":{"start":{"line":5,"column":34},"end":{"line":5,"column":99}},"line":5},"5":{"name":"rejected","decl":{"start":{"line":6,"column":17},"end":{"line":6,"column":25}},"loc":{"start":{"line":6,"column":33},"end":{"line":6,"column":102}},"line":6},"6":{"name":"step","decl":{"start":{"line":7,"column":17},"end":{"line":7,"column":21}},"loc":{"start":{"line":7,"column":30},"end":{"line":7,"column":118}},"line":7},"7":{"name":"pengirimanDataDiagnosisService","decl":{"start":{"line":13,"column":9},"end":{"line":13,"column":39}},"loc":{"start":{"line":13,"column":73},"end":{"line":83,"column":1}},"line":13},"8":{"name":"(anonymous_8)","decl":{"start":{"line":14,"column":43},"end":{"line":14,"column":44}},"loc":{"start":{"line":14,"column":56},"end":{"line":82,"column":5}},"line":14},"9":{"name":"(anonymous_9)","decl":{"start":{"line":18,"column":31},"end":{"line":18,"column":32}},"loc":{"start":{"line":18,"column":50},"end":{"line":79,"column":13}},"line":18},"10":{"name":"(anonymous_10)","decl":{"start":{"line":19,"column":48},"end":{"line":19,"column":49}},"loc":{"start":{"line":19,"column":66},"end":{"line":78,"column":17}},"line":19}},"branchMap":{"0":{"loc":{"start":{"line":2,"column":16},"end":{"line":10,"column":1}},"type":"binary-expr","locations":[{"start":{"line":2,"column":17},"end":{"line":2,"column":21}},{"start":{"line":2,"column":25},"end":{"line":2,"column":39}},{"start":{"line":2,"column":44},"end":{"line":10,"column":1}}],"line":2},"1":{"loc":{"start":{"line":3,"column":35},"end":{"line":3,"column":109}},"type":"cond-expr","locations":[{"start":{"line":3,"column":56},"end":{"line":3,"column":61}},{"start":{"line":3,"column":64},"end":{"line":3,"column":109}}],"line":3},"2":{"loc":{"start":{"line":4,"column":16},"end":{"line":4,"column":34}},"type":"binary-expr","locations":[{"start":{"line":4,"column":16},"end":{"line":4,"column":17}},{"start":{"line":4,"column":22},"end":{"line":4,"column":33}}],"line":4},"3":{"loc":{"start":{"line":7,"column":32},"end":{"line":7,"column":115}},"type":"cond-expr","locations":[{"start":{"line":7,"column":46},"end":{"line":7,"column":67}},{"start":{"line":7,"column":70},"end":{"line":7,"column":115}}],"line":7},"4":{"loc":{"start":{"line":8,"column":51},"end":{"line":8,"column":67}},"type":"binary-expr","locations":[{"start":{"line":8,"column":51},"end":{"line":8,"column":61}},{"start":{"line":8,"column":65},"end":{"line":8,"column":67}}],"line":8},"5":{"loc":{"start":{"line":17,"column":8},"end":{"line":80,"column":9}},"type":"if","locations":[{"start":{"line":17,"column":8},"end":{"line":80,"column":9}},{"start":{},"end":{}}],"line":17},"6":{"loc":{"start":{"line":17,"column":12},"end":{"line":17,"column":62}},"type":"binary-expr","locations":[{"start":{"line":17,"column":12},"end":{"line":17,"column":37}},{"start":{"line":17,"column":41},"end":{"line":17,"column":62}}],"line":17}},"s":{"0":1,"1":0,"2":0,"3":1,"4":0,"5":0,"6":0,"7":0,"8":0,"9":0,"10":1,"11":1,"12":1,"13":1,"14":1,"15":1,"16":1,"17":1,"18":1,"19":1,"20":1,"21":1},"f":{"0":1,"1":0,"2":0,"3":1,"4":0,"5":0,"6":1,"7":1,"8":1,"9":1,"10":1},"b":{"0":[1,1,1],"1":[0,0],"2":[1,1],"3":[1,0],"4":[1,1],"5":[1,0],"6":[1,1]},"inputSourceMap":null,"_coverageSchema":"1a1c01bbd47fc00a2c39e90264f33305004495a9","hash":"52a15f1c0c96706f6001fd34c4d2f79c5f7385d0"}
,"D:\\Kuliah\\Tugas Akhir\\code\\dist\\src\\services\\pengirimanDataHasilPemeriksaanFisikService.js": {"path":"D:\\Kuliah\\Tugas Akhir\\code\\dist\\src\\services\\pengirimanDataHasilPemeriksaanFisikService.js","statementMap":{"0":{"start":{"line":2,"column":16},"end":{"line":10,"column":1}},"1":{"start":{"line":3,"column":28},"end":{"line":3,"column":110}},"2":{"start":{"line":3,"column":91},"end":{"line":3,"column":106}},"3":{"start":{"line":4,"column":4},"end":{"line":9,"column":7}},"4":{"start":{"line":5,"column":36},"end":{"line":5,"column":97}},"5":{"start":{"line":5,"column":42},"end":{"line":5,"column":70}},"6":{"start":{"line":5,"column":85},"end":{"line":5,"column":95}},"7":{"start":{"line":6,"column":35},"end":{"line":6,"column":100}},"8":{"start":{"line":6,"column":41},"end":{"line":6,"column":73}},"9":{"start":{"line":6,"column":88},"end":{"line":6,"column":98}},"10":{"start":{"line":7,"column":32},"end":{"line":7,"column":116}},"11":{"start":{"line":8,"column":8},"end":{"line":8,"column":78}},"12":{"start":{"line":11,"column":0},"end":{"line":11,"column":62}},"13":{"start":{"line":12,"column":0},"end":{"line":12,"column":61}},"14":{"start":{"line":13,"column":20},"end":{"line":13,"column":49}},"15":{"start":{"line":14,"column":15},"end":{"line":14,"column":30}},"16":{"start":{"line":16,"column":4},"end":{"line":115,"column":7}},"17":{"start":{"line":17,"column":37},"end":{"line":17,"column":39}},"18":{"start":{"line":18,"column":8},"end":{"line":113,"column":9}},"19":{"start":{"line":20,"column":12},"end":{"line":112,"column":15}},"20":{"start":{"line":21,"column":42},"end":{"line":88,"column":17}},"21":{"start":{"line":22,"column":20},"end":{"line":23,"column":36}},"22":{"start":{"line":23,"column":24},"end":{"line":23,"column":36}},"23":{"start":{"line":24,"column":44},"end":{"line":24,"column":60}},"24":{"start":{"line":25,"column":20},"end":{"line":87,"column":22}},"25":{"start":{"line":89,"column":38},"end":{"line":89,"column":88}},"26":{"start":{"line":90,"column":48},"end":{"line":90,"column":98}},"27":{"start":{"line":91,"column":47},"end":{"line":91,"column":107}},"28":{"start":{"line":92,"column":48},"end":{"line":92,"column":110}},"29":{"start":{"line":93,"column":37},"end":{"line":94,"column":21}},"30":{"start":{"line":95,"column":38},"end":{"line":96,"column":21}},"31":{"start":{"line":97,"column":37},"end":{"line":98,"column":33}},"32":{"start":{"line":99,"column":38},"end":{"line":99,"column":195}},"33":{"start":{"line":100,"column":44},"end":{"line":100,"column":215}},"34":{"start":{"line":101,"column":16},"end":{"line":111,"column":19}},"35":{"start":{"line":108,"column":20},"end":{"line":110,"column":21}},"36":{"start":{"line":109,"column":24},"end":{"line":109,"column":65}},"37":{"start":{"line":114,"column":8},"end":{"line":114,"column":38}}},"fnMap":{"0":{"name":"(anonymous_0)","decl":{"start":{"line":2,"column":44},"end":{"line":2,"column":45}},"loc":{"start":{"line":2,"column":89},"end":{"line":10,"column":1}},"line":2},"1":{"name":"adopt","decl":{"start":{"line":3,"column":13},"end":{"line":3,"column":18}},"loc":{"start":{"line":3,"column":26},"end":{"line":3,"column":112}},"line":3},"2":{"name":"(anonymous_2)","decl":{"start":{"line":3,"column":70},"end":{"line":3,"column":71}},"loc":{"start":{"line":3,"column":89},"end":{"line":3,"column":108}},"line":3},"3":{"name":"(anonymous_3)","decl":{"start":{"line":4,"column":36},"end":{"line":4,"column":37}},"loc":{"start":{"line":4,"column":63},"end":{"line":9,"column":5}},"line":4},"4":{"name":"fulfilled","decl":{"start":{"line":5,"column":17},"end":{"line":5,"column":26}},"loc":{"start":{"line":5,"column":34},"end":{"line":5,"column":99}},"line":5},"5":{"name":"rejected","decl":{"start":{"line":6,"column":17},"end":{"line":6,"column":25}},"loc":{"start":{"line":6,"column":33},"end":{"line":6,"column":102}},"line":6},"6":{"name":"step","decl":{"start":{"line":7,"column":17},"end":{"line":7,"column":21}},"loc":{"start":{"line":7,"column":30},"end":{"line":7,"column":118}},"line":7},"7":{"name":"pengirimanDataHasilPemeriksaanFisikService","decl":{"start":{"line":15,"column":9},"end":{"line":15,"column":51}},"loc":{"start":{"line":15,"column":97},"end":{"line":116,"column":1}},"line":15},"8":{"name":"(anonymous_8)","decl":{"start":{"line":16,"column":43},"end":{"line":16,"column":44}},"loc":{"start":{"line":16,"column":56},"end":{"line":115,"column":5}},"line":16},"9":{"name":"(anonymous_9)","decl":{"start":{"line":20,"column":46},"end":{"line":20,"column":47}},"loc":{"start":{"line":20,"column":72},"end":{"line":112,"column":13}},"line":20},"10":{"name":"(anonymous_10)","decl":{"start":{"line":21,"column":42},"end":{"line":21,"column":43}},"loc":{"start":{"line":21,"column":166},"end":{"line":88,"column":17}},"line":21},"11":{"name":"(anonymous_11)","decl":{"start":{"line":107,"column":26},"end":{"line":107,"column":27}},"loc":{"start":{"line":107,"column":43},"end":{"line":111,"column":17}},"line":107}},"branchMap":{"0":{"loc":{"start":{"line":2,"column":16},"end":{"line":10,"column":1}},"type":"binary-expr","locations":[{"start":{"line":2,"column":17},"end":{"line":2,"column":21}},{"start":{"line":2,"column":25},"end":{"line":2,"column":39}},{"start":{"line":2,"column":44},"end":{"line":10,"column":1}}],"line":2},"1":{"loc":{"start":{"line":3,"column":35},"end":{"line":3,"column":109}},"type":"cond-expr","locations":[{"start":{"line":3,"column":56},"end":{"line":3,"column":61}},{"start":{"line":3,"column":64},"end":{"line":3,"column":109}}],"line":3},"2":{"loc":{"start":{"line":4,"column":16},"end":{"line":4,"column":34}},"type":"binary-expr","locations":[{"start":{"line":4,"column":16},"end":{"line":4,"column":17}},{"start":{"line":4,"column":22},"end":{"line":4,"column":33}}],"line":4},"3":{"loc":{"start":{"line":7,"column":32},"end":{"line":7,"column":115}},"type":"cond-expr","locations":[{"start":{"line":7,"column":46},"end":{"line":7,"column":67}},{"start":{"line":7,"column":70},"end":{"line":7,"column":115}}],"line":7},"4":{"loc":{"start":{"line":8,"column":51},"end":{"line":8,"column":67}},"type":"binary-expr","locations":[{"start":{"line":8,"column":51},"end":{"line":8,"column":61}},{"start":{"line":8,"column":65},"end":{"line":8,"column":67}}],"line":8},"5":{"loc":{"start":{"line":18,"column":8},"end":{"line":113,"column":9}},"type":"if","locations":[{"start":{"line":18,"column":8},"end":{"line":113,"column":9}},{"start":{},"end":{}}],"line":18},"6":{"loc":{"start":{"line":18,"column":12},"end":{"line":19,"column":48}},"type":"binary-expr","locations":[{"start":{"line":18,"column":12},"end":{"line":18,"column":52}},{"start":{"line":19,"column":12},"end":{"line":19,"column":48}}],"line":18},"7":{"loc":{"start":{"line":22,"column":20},"end":{"line":23,"column":36}},"type":"if","locations":[{"start":{"line":22,"column":20},"end":{"line":23,"column":36}},{"start":{},"end":{}}],"line":22},"8":{"loc":{"start":{"line":59,"column":34},"end":{"line":72,"column":25}},"type":"binary-expr","locations":[{"start":{"line":59,"column":34},"end":{"line":59,"column":52}},{"start":{"line":59,"column":56},"end":{"line":72,"column":25}}],"line":59},"9":{"loc":{"start":{"line":72,"column":30},"end":{"line":82,"column":25}},"type":"binary-expr","locations":[{"start":{"line":72,"column":30},"end":{"line":72,"column":42}},{"start":{"line":72,"column":46},"end":{"line":82,"column":25}}],"line":72},"10":{"loc":{"start":{"line":93,"column":92},"end":{"line":93,"column":179}},"type":"binary-expr","locations":[{"start":{"line":93,"column":92},"end":{"line":93,"column":171}},{"start":{"line":93,"column":175},"end":{"line":93,"column":179}}],"line":93},"11":{"loc":{"start":{"line":93,"column":99},"end":{"line":93,"column":170}},"type":"cond-expr","locations":[{"start":{"line":93,"column":142},"end":{"line":93,"column":148}},{"start":{"line":93,"column":151},"end":{"line":93,"column":170}}],"line":93},"12":{"loc":{"start":{"line":93,"column":99},"end":{"line":93,"column":139}},"type":"binary-expr","locations":[{"start":{"line":93,"column":99},"end":{"line":93,"column":116}},{"start":{"line":93,"column":120},"end":{"line":93,"column":139}}],"line":93},"13":{"loc":{"start":{"line":95,"column":94},"end":{"line":95,"column":184}},"type":"binary-expr","locations":[{"start":{"line":95,"column":94},"end":{"line":95,"column":176}},{"start":{"line":95,"column":180},"end":{"line":95,"column":184}}],"line":95},"14":{"loc":{"start":{"line":95,"column":101},"end":{"line":95,"column":175}},"type":"cond-expr","locations":[{"start":{"line":95,"column":146},"end":{"line":95,"column":152}},{"start":{"line":95,"column":155},"end":{"line":95,"column":175}}],"line":95},"15":{"loc":{"start":{"line":95,"column":101},"end":{"line":95,"column":143}},"type":"binary-expr","locations":[{"start":{"line":95,"column":101},"end":{"line":95,"column":119}},{"start":{"line":95,"column":123},"end":{"line":95,"column":143}}],"line":95},"16":{"loc":{"start":{"line":108,"column":20},"end":{"line":110,"column":21}},"type":"if","locations":[{"start":{"line":108,"column":20},"end":{"line":110,"column":21}},{"start":{},"end":{}}],"line":108}},"s":{"0":1,"1":0,"2":0,"3":1,"4":0,"5":0,"6":0,"7":0,"8":0,"9":0,"10":1,"11":1,"12":1,"13":1,"14":1,"15":1,"16":1,"17":1,"18":1,"19":1,"20":1,"21":5,"22":2,"23":3,"24":3,"25":1,"26":1,"27":1,"28":1,"29":1,"30":1,"31":1,"32":1,"33":1,"34":1,"35":5,"36":3,"37":1},"f":{"0":1,"1":0,"2":0,"3":1,"4":0,"5":0,"6":1,"7":1,"8":1,"9":1,"10":5,"11":5},"b":{"0":[1,1,1],"1":[0,0],"2":[1,1],"3":[1,0],"4":[1,1],"5":[1,0],"6":[1,1],"7":[2,3],"8":[3,0],"9":[3,0],"10":[1,1],"11":[1,0],"12":[1,0],"13":[1,1],"14":[1,0],"15":[1,0],"16":[3,2]},"inputSourceMap":null,"_coverageSchema":"1a1c01bbd47fc00a2c39e90264f33305004495a9","hash":"21e06802f97942185b99d3ede91d6da8bebc9492"}
[...]
t":{"line":136,"column":4},"end":{"line":307,"column":5}}]},"10":{"loc":{"start":{"line":136,"column":8},"end":{"line":136,"column":74}},"type":"binary-expr","locations":[{"start":{"line":136,"column":8},"end":{"line":136,"column":41}},{"start":{"line":136,"column":45},"end":{"line":136,"column":74}}]},"11":{"loc":{"start":{"line":221,"column":32},"end":{"line":231,"column":30}},"type":"binary-expr","locations":[{"start":{"line":221,"column":32},"end":{"line":221,"column":93}},{"start":{"line":221,"column":97},"end":{"line":231,"column":30}}]},"12":{"loc":{"start":{"line":232,"column":32},"end":{"line":243,"column":30}},"type":"binary-expr","locations":[{"start":{"line":232,"column":32},"end":{"line":232,"column":78}},{"start":{"line":232,"column":82},"end":{"line":243,"column":30}}]},"13":{"loc":{"start":{"line":246,"column":40},"end":{"line":257,"column":38}},"type":"binary-expr","locations":[{"start":{"line":246,"column":40},"end":{"line":246,"column":97}},{"start":{"line":246,"column":101},"end":{"line":257,"column":38}}]},"14":{"loc":{"start":{"line":270,"column":28},"end":{"line":277,"column":26}},"type":"binary-expr","locations":[{"start":{"line":270,"column":28},"end":{"line":270,"column":77}},{"start":{"line":270,"column":81},"end":{"line":277,"column":26}}]},"15":{"loc":{"start":{"line":278,"column":28},"end":{"line":285,"column":26}},"type":"binary-expr","locations":[{"start":{"line":278,"column":28},"end":{"line":278,"column":68}},{"start":{"line":278,"column":72},"end":{"line":285,"column":26}}]},"16":{"loc":{"start":{"line":292,"column":28},"end":{"line":298,"column":30}},"type":"binary-expr","locations":[{"start":{"line":292,"column":28},"end":{"line":292,"column":75}},{"start":{"line":293,"column":28},"end":{"line":293,"column":73}},{"start":{"line":293,"column":77},"end":{"line":298,"column":30}}]}},"s":{"0":1,"1":1,"2":1,"3":1,"4":1,"5":1,"6":1,"7":2,"8":2,"9":2,"10":1,"11":1,"12":1,"13":1,"14":2,"15":1,"16":1,"17":2,"18":1},"f":{"0":1,"1":2,"2":2},"b":{"0":[1],"1":[1,1],"2":[2,0],"3":[1,1],"4":[2,1],"5":[2,1],"6":[2,2],"7":[2,1,1],"8":[1,0],"9":[1],"10":[1,1],"11":[2,0],"12":[2,0],"13":[2,0],"14":[2,0],"15":[2,0],"16":[2,0,0]}}
,"D:\\Kuliah\\Tugas Akhir\\code\\src\\services\\pengirimanDataPeresepanObatService.ts": {"path":"D:\\Kuliah\\Tugas Akhir\\code\\src\\services\\pengirimanDataPeresepanObatService.ts","statementMap":{"0":{"start":{"line":3,"column":0},"end":{"line":3,"column":30}},"1":{"start":{"line":7,"column":25},"end":{"line":7,"column":39}},"2":{"start":{"line":9,"column":23},"end":{"line":9,"column":51}},"3":{"start":{"line":10,"column":30},"end":{"line":10,"column":65}},"4":{"start":{"line":12,"column":4},"end":{"line":132,"column":5}},"5":{"start":{"line":13,"column":8},"end":{"line":131,"column":11}},"6":{"start":{"line":15,"column":16},"end":{"line":17,"column":55}},"7":{"start":{"line":19,"column":77},"end":{"line":22,"column":14}},"8":{"start":{"line":24,"column":12},"end":{"line":30,"column":13}},"9":{"start":{"line":25,"column":16},"end":{"line":25,"column":38}},"10":{"start":{"line":26,"column":16},"end":{"line":26,"column":51}},"11":{"start":{"line":28,"column":16},"end":{"line":28,"column":38}},"12":{"start":{"line":29,"column":16},"end":{"line":29,"column":58}},"13":{"start":{"line":32,"column":12},"end":{"line":130,"column":15}},"14":{"start":{"line":134,"column":4},"end":{"line":295,"column":5}},"15":{"start":{"line":135,"column":8},"end":{"line":294,"column":11}},"16":{"start":{"line":136,"column":12},"end":{"line":293,"column":15}},"17":{"start":{"line":297,"column":4},"end":{"line":297,"column":26}}},"fnMap":{"0":{"name":"pengirimanDataPeresepanObat","decl":{"start":{"line":3,"column":30},"end":{"line":3,"column":57}},"loc":{"start":{"line":5,"column":40},"end":{"line":298,"column":null}}},"1":{"name":"(anonymous_9)","decl":{"start":{"line":13,"column":27},"end":{"line":13,"column":28}},"loc":{"start":{"line":13,"column":46},"end":{"line":131,"column":9}}},"2":{"name":"(anonymous_10)","decl":{"start":{"line":135,"column":34},"end":{"line":135,"column":35}},"loc":{"start":{"line":135,"column":49},"end":{"line":294,"column":9}}}},"branchMap":{"0":{"loc":{"start":{"line":12,"column":4},"end":{"line":132,"column":5}},"type":"if","locations":[{"start":{"line":12,"column":4},"end":{"line":132,"column":5}}]},"1":{"loc":{"start":{"line":12,"column":8},"end":{"line":12,"column":58}},"type":"binary-expr","locations":[{"start":{"line":12,"column":8},"end":{"line":12,"column":33}},{"start":{"line":12,"column":37},"end":{"line":12,"column":58}}]},"2":{"loc":{"start":{"line":15,"column":16},"end":{"line":17,"column":55}},"type":"cond-expr","locations":[{"start":{"line":16,"column":22},"end":{"line":16,"column":26}},{"start":{"line":17,"column":22},"end":{"line":17,"column":55}}]},"3":{"loc":{"start":{"line":24,"column":12},"end":{"line":30,"column":13}},"type":"if","locations":[{"start":{"line":24,"column":12},"end":{"line":30,"column":13}},{"start":{"line":27,"column":19},"end":{"line":30,"column":13}}]},"4":{"loc":{"start":{"line":55,"column":24},"end":{"line":63,"column":22}},"type":"binary-expr","locations":[{"start":{"line":55,"column":24},"end":{"line":55,"column":54}},{"start":{"line":55,"column":58},"end":{"line":63,"column":22}}]},"5":{"loc":{"start":{"line":64,"column":24},"end":{"line":74,"column":22}},"type":"binary-expr","locations":[{"start":{"line":64,"column":24},"end":{"line":64,"column":54}},{"start":{"line":64,"column":58},"end":{"line":74,"column":22}}]},"6":{"loc":{"start":{"line":79,"column":24},"end":{"line":89,"column":22}},"type":"binary-expr","locations":[{"start":{"line":79,"column":24},"end":{"line":79,"column":64}},{"start":{"line":79,"column":68},"end":{"line":89,"column":22}}]},"7":{"loc":{"start":{"line":90,"column":24},"end":{"line":124,"column":26}},"type":"binary-expr","locations":[{"start":{"line":90,"column":24},"end":{"line":90,"column":54}},{"start":{"line":91,"column":24},"end":{"line":91,"column":57}},{"start":{"line":91,"column":61},"end":{"line":124,"column":26}}]},"8":{"loc":{"start":{"line":106,"column":44},"end":{"line":115,"column":42}},"type":"binary-expr","locations":[{"start":{"line":106,"column":44},"end":{"line":106,"column":60}},{"start":{"line":106,"column":64},"end":{"line":115,"column":42}}]},"9":{"loc":{"start":{"line":134,"column":4},"end":{"line":295,"column":5}},"type":"if","locations":[{"start":{"line":134,"column":4},"end":{"line":295,"column":5}}]},"10":{"loc":{"start":{"line":134,"column":8},"end":{"line":134,"column":72}},"type":"binary-expr","locations":[{"start":{"line":134,"column":8},"end":{"line":134,"column":40}},{"start":{"line":134,"column":44},"end":{"line":134,"column":72}}]},"11":{"loc":{"start":{"line":214,"column":32},"end":{"line":225,"column":30}},"type":"binary-expr","locations":[{"start":{"line":214,"column":32},"end":{"line":214,"column":78}},{"start":{"line":214,"column":82},"end":{"line":225,"column":30}}]},"12":{"loc":{"start":{"line":246,"column":32},"end":{"line":248,"column":30}},"type":"binary-expr","locations":[{"start":{"line":246,"column":32},"end":{"line":246,"column":65}},{"start":{"line":246,"column":69},"end":{"line":248,"column":30}}]},"13":{"loc":{"start":{"line":252,"column":28},"end":{"line":259,"column":26}},"type":"binary-expr","locations":[{"start":{"line":252,"column":28},"end":{"line":252,"column":77}},{"start":{"line":252,"column":81},"end":{"line":259,"column":26}}]},"14":{"loc":{"start":{"line":260,"column":28},"end":{"line":266,"column":30}},"type":"binary-expr","locations":[{"start":{"line":260,"column":28},"end":{"line":260,"column":75}},{"start":{"line":261,"column":28},"end":{"line":261,"column":73}},{"start":{"line":261,"column":77},"end":{"line":266,"column":30}}]},"15":{"loc":{"start":{"line":268,"column":28},"end":{"line":275,"column":26}},"type":"binary-expr","locations":[{"start":{"line":268,"column":28},"end":{"line":268,"column":69}},{"start":{"line":268,"column":73},"end":{"line":275,"column":26}}]},"16":{"loc":{"start":{"line":276,"column":28},"end":{"line":283,"column":26}},"type":"binary-expr","locations":[{"start":{"line":276,"column":28},"end":{"line":276,"column":83}},{"start":{"line":276,"column":87},"end":{"line":283,"column":26}}]}},"s":{"0":1,"1":1,"2":1,"3":1,"4":1,"5":1,"6":2,"7":2,"8":2,"9":1,"10":1,"11":1,"12":1,"13":2,"14":1,"15":1,"16":2,"17":1},"f":{"0":1,"1":2,"2":2},"b":{"0":[1],"1":[1,1],"2":[2,0],"3":[1,1],"4":[2,1],"5":[2,1],"6":[2,2],"7":[2,1,0],"8":[0,0],"9":[1],"10":[1,1],"11":[2,0],"12":[2,0],"13":[2,0],"14":[2,0,0],"15":[2,0],"16":[2,0]}}
,"D:\\Kuliah\\Tugas Akhir\\code\\src\\utils\\errorHandler.ts": {"path":"D:\\Kuliah\\Tugas Akhir\\code\\src\\utils\\errorHandler.ts","statementMap":{"0":{"start":{"line":7,"column":8},"end":{"line":7,"column":23}},"1":{"start":{"line":9,"column":8},"end":{"line":9,"column":37}},"2":{"start":{"line":10,"column":8},"end":{"line":12,"column":29}},"3":{"start":{"line":14,"column":8},"end":{"line":14,"column":34}},"4":{"start":{"line":16,"column":8},"end":{"line":16,"column":56}},"5":{"start":{"line":1,"column":0},"end":{"line":1,"column":21}}},"fnMap":{"0":{"name":"(anonymous_0)","decl":{"start":{"line":6,"column":4},"end":{"line":6,"column":16}},"loc":{"start":{"line":6,"column":51},"end":{"line":17,"column":5}}}},"branchMap":{"0":{"loc":{"start":{"line":10,"column":22},"end":{"line":12,"column":28}},"type":"cond-expr","locations":[{"start":{"line":11,"column":14},"end":{"line":11,"column":28}},{"start":{"line":12,"column":14},"end":{"line":12,"column":28}}]}},"s":{"0":0,"1":0,"2":0,"3":0,"4":0,"5":1},"f":{"0":0},"b":{"0":[0,0]}}
,"D:\\Kuliah\\Tugas Akhir\\code\\src\\utils\\fsJson.ts": {"path":"D:\\Kuliah\\Tugas Akhir\\code\\src\\utils\\fsJson.ts","statementMap":{"0":{"start":{"line":6,"column":0},"end":{"line":6,"column":16}},"1":{"start":{"line":28,"column":0},"end":{"line":28,"column":22}},"2":{"start":{"line":2,"column":0},"end":{"line":2,"column":24}},"3":{"start":{"line":4,"column":11},"end":{"line":4,"column":24}},"4":{"start":{"line":10,"column":4},"end":{"line":25,"column":6}},"5":{"start":{"line":14,"column":12},"end":{"line":23,"column":13}},"6":{"start":{"line":15,"column":16},"end":{"line":18,"column":18}},"7":{"start":{"line":20,"column":16},"end":{"line":22,"column":18}},"8":{"start":{"line":32,"column":21},"end":{"line":35,"column":null}},"9":{"start":{"line":38,"column":4},"end":{"line":48,"column":5}},"10":{"start":{"line":39,"column":8},"end":{"line":43,"column":10}},"11":{"start":{"line":44,"column":8},"end":{"line":44,"column":76}},"12":{"start":{"line":46,"column":8},"end":{"line":46,"column":57}},"13":{"start":{"line":47,"column":8},"end":{"line":47,"column":20}}},"fnMap":{"0":{"name":"writeJSONBundlePasien","decl":{"start":{"line":6,"column":16},"end":{"line":6,"column":37}},"loc":{"start":{"line":8,"column":40},"end":{"line":26,"column":1}}},"1":{"name":"(anonymous_9)","decl":{"start":{"line":13,"column":8},"end":{"line":13,"column":9}},"loc":{"start":{"line":13,"column":23},"end":{"line":24,"column":9}}},"2":{"name":"writeJSON","decl":{"start":{"line":28,"column":22},"end":{"line":28,"column":31}},"loc":{"start":{"line":30,"column":20},"end":{"line":49,"column":null}}}},"branchMap":{"0":{"loc":{"start":{"line":14,"column":12},"end":{"line":23,"column":13}},"type":"if","locations":[{"start":{"line":14,"column":12},"end":{"line":23,"column":13}},{"start":{"line":19,"column":19},"end":{"line":23,"column":13}}]}},"s":{"0":1,"1":1,"2":1,"3":1,"4":0,"5":0,"6":0,"7":0,"8":7,"9":7,"10":7,"11":7,"12":0,"13":0},"f":{"0":0,"1":0,"2":7},"b":{"0":[0,0]}}
,"D:\\Kuliah\\Tugas Akhir\\code\\src\\utils\\functions.ts": {"path":"D:\\Kuliah\\Tugas Akhir\\code\\src\\utils\\functions.ts","statementMap":{"0":{"start":{"line":6,"column":0},"end":{"line":6,"column":16}},"1":{"start":{"line":32,"column":0},"end":{"line":32,"column":16}},"2":{"start":{"line":1,"column":31},"end":{"line":4,"column":1}},"3":{"start":{"line":2,"column":17},"end":{"line":2,"column":37}},"4":{"start":{"line":3,"column":4},"end":{"line":3,"column":30}},"5":{"start":{"line":1,"column":13},"end":{"line":1,"column":31}},"6":{"start":{"line":10,"column":4},"end":{"line":16,"column":5}},"7":{"start":{"line":15,"column":8},"end":{"line":15,"column":51}},"8":{"start":{"line":18,"column":18},"end":{"line":18,"column":42}},"9":{"start":{"line":19,"column":4},"end":{"line":29,"column":5}},"10":{"start":{"line":20,"column":25},"end":{"line":20,"column":52}},"11":{"start":{"line":21,"column":26},"end":{"line":21,"column":53}},"12":{"start":{"line":23,"column":8},"end":{"line":26,"column":10}},"13":{"start":{"line":28,"column":8},"end":{"line":28,"column":51}},"14":{"start":{"line":36,"column":4},"end":{"line":38,"column":5}},"15":{"start":{"line":37,"column":8},"end":{"line":37,"column":45}},"16":{"start":{"line":40,"column":4},"end":{"line":74,"column":5}},"17":{"start":{"line":41,"column":8},"end":{"line":55,"column":9}},"18":{"start":{"line":42,"column":12},"end":{"line":42,"column":59}},"19":{"start":{"line":43,"column":15},"end":{"line":55,"column":9}},"20":{"start":{"line":44,"column":12},"end":{"line":44,"column":52}},"21":{"start":{"line":45,"column":15},"end":{"line":55,"column":9}},"22":{"start":{"line":46,"column":12},"end":{"line":46,"column":52}},"23":{"start":{"line":47,"column":15},"end":{"line":55,"column":9}},"24":{"start":{"line":48,"column":12},"end":{"line":48,"column":50}},"25":{"start":{"line":49,"column":15},"end":{"line":55,"column":9}},"26":{"start":{"line":50,"column":12},"end":{"line":50,"column":65}},"27":{"start":{"line":51,"column":15},"end":{"line":55,"column":9}},"28":{"start":{"line":52,"column":12},"end":{"line":52,"column":60}},"29":{"start":{"line":54,"column":12},"end":{"line":54,"column":60}},"30":{"start":{"line":58,"column":8},"end":{"line":73,"column":9}},"31":{"start":{"line":59,"column":12},"end":{"line":59,"column":59}},"32":{"start":{"line":60,"column":15},"end":{"line":73,"column":9}},"33":{"start":{"line":61,"column":12},"end":{"line":61,"column":52}},"34":{"start":{"line":62,"column":15},"end":{"line":73,"column":9}},"35":{"start":{"line":64,"column":12},"end":{"line":64,"column":52}},"36":{"start":{"line":65,"column":15},"end":{"line":73,"column":9}},"37":{"start":{"line":66,"column":12},"end":{"line":66,"column":50}},"38":{"start":{"line":67,"column":15},"end":{"line":73,"column":9}},"39":{"start":{"line":68,"column":12},"end":{"line":68,"column":65}},"40":{"start":{"line":69,"column":15},"end":{"line":73,"column":9}},"41":{"start":{"line":70,"column":12},"end":{"line":70,"column":60}},"42":{"start":{"line":72,"column":12},"end":{"line":72,"column":60}}},"fnMap":{"0":{"name":"(anonymous_0)","decl":{"start":{"line":1,"column":31},"end":{"line":1,"column":32}},"loc":{"start":{"line":1,"column":54},"end":{"line":4,"column":1}}},"1":{"name":"splitBloodPressure","decl":{"start":{"line":6,"column":16},"end":{"line":6,"column":34}},"loc":{"start":{"line":6,"column":63},"end":{"line":30,"column":1}}},"2":{"name":"classifyBloodPressure","decl":{"start":{"line":32,"column":16},"end":{"line":32,"column":37}},"loc":{"start":{"line":34,"column":34},"end":{"line":75,"column":1}}}},"branchMap":{"0":{"loc":{"start":{"line":10,"column":4},"end":{"line":16,"column":5}},"type":"if","locations":[{"start":{"line":10,"column":4},"end":{"line":16,"column":5}}]},"1":{"loc":{"start":{"line":11,"column":8},"end":{"line":13,"column":35}},"type":"binary-expr","locations":[{"start":{"line":11,"column":8},"end":{"line":11,"column":30}},{"start":{"line":12,"column":8},"end":{"line":12,"column":35}},{"start":{"line":13,"column":8},"end":{"line":13,"column":35}}]},"2":{"loc":{"start":{"line":19,"column":4},"end":{"line":29,"column":5}},"type":"if","locations":[{"start":{"line":19,"column":4},"end":{"line":29,"column":5}},{"start":{"line":27,"column":11},"end":{"line":29,"column":5}}]},"3":{"loc":{"start":{"line":24,"column":22},"end":{"line":24,"column":55}},"type":"cond-expr","locations":[{"start":{"line":24,"column":40},"end":{"line":24,"column":44}},{"start":{"line":24,"column":47},"end":{"line":24,"column":55}}]},"4":{"loc":{"start":{"line":25,"column":23},"end":{"line":25,"column":58}},"type":"cond-expr","locations":[{"start":{"line":25,"column":42},"end":{"line":25,"column":46}},{"start":{"line":25,"column":49},"end":{"line":25,"column":58}}]},"5":{"loc":{"start":{"line":36,"column":4},"end":{"line":38,"column":5}},"type":"if","locations":[{"start":{"line":36,"column":4},"end":{"line":38,"column":5}}]},"6":{"loc":{"start":{"line":40,"column":4},"end":{"line":74,"column":5}},"type":"if","locations":[{"start":{"line":40,"column":4},"end":{"line":74,"column":5}},{"start":{"line":56,"column":11},"end":{"line":74,"column":5}}]},"7":{"loc":{"start":{"line":41,"column":8},"end":{"line":55,"column":9}},"type":"if","locations":[{"start":{"line":41,"column":8},"end":{"line":55,"column":9}},{"start":{"line":43,"column":15},"end":{"line":55,"column":9}}]},"8":{"loc":{"start":{"line":43,"column":15},"end":{"line":55,"column":9}},"type":"if","locations":[{"start":{"line":43,"column":15},"end":{"line":55,"column":9}},{"start":{"line":45,"column":15},"end":{"line":55,"column":9}}]},"9":{"loc":{"start":{"line":45,"column":15},"end":{"line":55,"column":9}},"type":"if","locations":[{"start":{"line":45,"column":15},"end":{"line":55,"column":9}},{"start":{"line":47,"column":15},"end":{"line":55,"column":9}}]},"10":{"loc":{"start":{"line":47,"column":15},"end":{"line":55,"column":9}},"type":"if","locations":[{"start":{"line":47,"column":15},"end":{"line":55,"column":9}},{"start":{"line":49,"column":15},"end":{"line":55,"column":9}}]},"11":{"loc":{"start":{"line":49,"column":15},"end":{"line":55,"column":9}},"type":"if","locations":[{"start":{"line":49,"column":15},"end":{"line":55,"column":9}},{"start":{"line":51,"column":15},"end":{"line":55,"column":9}}]},"12":{"loc":{"start":{"line":51,"column":15},"end":{"line":55,"column":9}},"type":"if","locations":[{"start":{"line":51,"column":15},"end":{"line":55,"column":9}},{"start":{"line":53,"column":15},"end":{"line":55,"column":9}}]},"13":{"loc":{"start":{"line":58,"column":8},"end":{"line":73,"column":9}},"type":"if","locations":[{"start":{"line":58,"column":8},"end":{"line":73,"column":9}},{"start":{"line":60,"column":15},"end":{"line":73,"column":9}}]},"14":{"loc":{"start":{"line":60,"column":15},"end":{"line":73,"column":9}},"type":"if","locations":[{"start":{"line":60,"column":15},"end":{"line":73,"column":9}},{"start":{"line":62,"column":15},"end":{"line":73,"column":9}}]},"15":{"loc":{"start":{"line":62,"column":15},"end":{"line":73,"column":9}},"type":"if","locations":[{"start":{"line":62,"column":15},"end":{"line":73,"column":9}},{"start":{"line":65,"column":15},"end":{"line":73,"column":9}}]},"16":{"loc":{"start":{"line":65,"column":15},"end":{"line":73,"column":9}},"type":"if","locations":[{"start":{"line":65,"column":15},"end":{"line":73,"column":9}},{"start":{"line":67,"column":15},"end":{"line":73,"column":9}}]},"17":{"loc":{"start":{"line":67,"column":15},"end":{"line":73,"column":9}},"type":"if","locations":[{"start":{"line":67,"column":15},"end":{"line":73,"column":9}},{"start":{"line":69,"column":15},"end":{"line":73,"column":9}}]},"18":{"loc":{"start":{"line":69,"column":15},"end":{"line":73,"column":9}},"type":"if","locations":[{"start":{"line":69,"column":15},"end":{"line":73,"column":9}},{"start":{"line":71,"column":15},"end":{"line":73,"column":9}}]}},"s":{"0":1,"1":1,"2":1,"3":6,"4":6,"5":1,"6":1,"7":1,"8":0,"9":0,"10":0,"11":0,"12":0,"13":0,"14":2,"15":2,"16":0,"17":0,"18":0,"19":0,"20":0,"21":0,"22":0,"23":0,"24":0,"25":0,"26":0,"27":0,"28":0,"29":0,"30":0,"31":0,"32":0,"33":0,"34":0,"35":0,"36":0,"37":0,"38":0,"39":0,"40":0,"41":0,"42":0},"f":{"0":6,"1":1,"2":2},"b":{"0":[1],"1":[1,1,0],"2":[0,0],"3":[0,0],"4":[0,0],"5":[2],"6":[0,0],"7":[0,0],"8":[0,0],"9":[0,0],"10":[0,0],"11":[0,0],"12":[0,0],"13":[0,0],"14":[0,0],"15":[0,0],"16":[0,0],"17":[0,0],"18":[0,0]}}
}
