TN:
SF:dist\src\config\databaseConfig.js
FNF:0
FNH:0
DA:2,1
DA:3,1
DA:4,1
DA:5,1
DA:6,1
DA:7,1
DA:8,1
DA:9,1
DA:10,1
DA:11,1
LF:10
LH:10
BRF:0
BRH:0
end_of_record
TN:
SF:dist\src\repositories\dbConnect.js
FN:2,(anonymous_0)
FN:6,(anonymous_1)
FN:9,(anonymous_2)
FN:13,(anonymous_3)
FN:15,(anonymous_4)
FN:18,(anonymous_5)
FN:25,(anonymous_6)
FN:26,adopt
FN:26,(anonymous_8)
FN:27,(anonymous_9)
FN:28,fulfilled
FN:29,rejected
FN:30,step
FN:44,(anonymous_13)
FN:44,(anonymous_14)
FN:55,(anonymous_15)
FNF:16
FNH:9
FNDA:0,(anonymous_0)
FNDA:0,(anonymous_1)
FNDA:0,(anonymous_2)
FNDA:0,(anonymous_3)
FNDA:0,(anonymous_4)
FNDA:1,(anonymous_5)
FNDA:1,(anonymous_6)
FNDA:1,adopt
FNDA:0,(anonymous_8)
FNDA:1,(anonymous_9)
FNDA:1,fulfilled
FNDA:0,rejected
FNDA:2,step
FNDA:1,(anonymous_13)
FNDA:1,(anonymous_14)
FNDA:12,(anonymous_15)
DA:2,1
DA:3,0
DA:4,0
DA:5,0
DA:6,0
DA:8,0
DA:10,0
DA:11,0
DA:13,1
DA:14,0
DA:16,0
DA:18,1
DA:19,1
DA:20,0
DA:21,0
DA:22,0
DA:23,0
DA:25,1
DA:26,1
DA:27,1
DA:28,1
DA:29,0
DA:30,2
DA:31,1
DA:34,1
DA:35,1
DA:36,1
DA:37,1
DA:44,1
DA:45,1
DA:46,1
DA:47,1
DA:48,1
DA:51,0
DA:54,1
DA:55,12
LF:36
LH:21
BRDA:2,0,0,1
BRDA:2,0,1,1
BRDA:2,0,2,1
BRDA:2,1,0,1
BRDA:2,1,1,0
BRDA:3,2,0,0
BRDA:3,2,1,0
BRDA:5,3,0,0
BRDA:5,3,1,0
BRDA:5,4,0,0
BRDA:5,4,1,0
BRDA:5,5,0,0
BRDA:5,5,1,0
BRDA:5,6,0,0
BRDA:5,6,1,0
BRDA:10,7,0,0
BRDA:10,7,1,0
BRDA:13,8,0,1
BRDA:13,8,1,1
BRDA:13,8,2,1
BRDA:13,9,0,1
BRDA:13,9,1,0
BRDA:18,10,0,1
BRDA:18,10,1,1
BRDA:18,10,2,1
BRDA:19,11,0,1
BRDA:19,11,1,0
BRDA:19,12,0,1
BRDA:19,12,1,1
BRDA:21,13,0,0
BRDA:21,13,1,0
BRDA:21,14,0,0
BRDA:21,14,1,0
BRDA:21,15,0,0
BRDA:21,15,1,0
BRDA:25,16,0,1
BRDA:25,16,1,1
BRDA:25,16,2,1
BRDA:26,17,0,1
BRDA:26,17,1,0
BRDA:27,18,0,1
BRDA:27,18,1,1
BRDA:30,19,0,1
BRDA:30,19,1,1
BRDA:31,20,0,1
BRDA:31,20,1,1
BRDA:55,21,0,12
BRF:47
BRH:25
end_of_record
TN:
SF:dist\src\repositories\pengirimanDataAnamnesis.js
FN:2,(anonymous_0)
FN:3,adopt
FN:3,(anonymous_2)
FN:4,(anonymous_3)
FN:5,fulfilled
FN:6,rejected
FN:7,step
FN:11,(anonymous_7)
FN:18,dapatkanDataAnamnesis
FN:19,(anonymous_9)
FNF:10
FNH:8
FNDA:1,(anonymous_0)
FNDA:1,adopt
FNDA:0,(anonymous_2)
FNDA:1,(anonymous_3)
FNDA:1,fulfilled
FNDA:0,rejected
FNDA:2,step
FNDA:2,(anonymous_7)
FNDA:1,dapatkanDataAnamnesis
FNDA:1,(anonymous_9)
DA:2,1
DA:3,1
DA:4,1
DA:5,1
DA:6,0
DA:7,2
DA:8,1
DA:11,1
DA:12,2
DA:14,1
DA:15,1
DA:16,1
DA:17,1
DA:19,1
DA:20,1
DA:21,1
DA:108,1
DA:112,1
DA:115,0
DA:116,0
LF:20
LH:17
BRDA:2,0,0,1
BRDA:2,0,1,1
BRDA:2,0,2,1
BRDA:3,1,0,1
BRDA:3,1,1,0
BRDA:4,2,0,1
BRDA:4,2,1,1
BRDA:7,3,0,1
BRDA:7,3,1,1
BRDA:8,4,0,1
BRDA:8,4,1,1
BRDA:11,5,0,1
BRDA:11,5,1,1
BRDA:11,5,2,1
BRDA:12,6,0,2
BRDA:12,6,1,0
BRDA:12,7,0,2
BRDA:12,7,1,2
BRF:18
BRH:16
end_of_record
TN:
SF:dist\src\repositories\pengirimanDataDiagnosis.js
FN:2,(anonymous_0)
FN:3,adopt
FN:3,(anonymous_2)
FN:4,(anonymous_3)
FN:5,fulfilled
FN:6,rejected
FN:7,step
FN:11,(anonymous_7)
FN:18,dapatkanDataDiagnosis
FN:19,(anonymous_9)
FNF:10
FNH:8
FNDA:1,(anonymous_0)
FNDA:1,adopt
FNDA:0,(anonymous_2)
FNDA:1,(anonymous_3)
FNDA:1,fulfilled
FNDA:0,rejected
FNDA:2,step
FNDA:2,(anonymous_7)
FNDA:1,dapatkanDataDiagnosis
FNDA:1,(anonymous_9)
DA:2,1
DA:3,1
DA:4,1
DA:5,1
DA:6,0
DA:7,2
DA:8,1
DA:11,1
DA:12,2
DA:14,1
DA:15,1
DA:16,1
DA:17,1
DA:19,1
DA:20,1
DA:21,1
DA:65,1
DA:68,0
DA:69,0
LF:19
LH:16
BRDA:2,0,0,1
BRDA:2,0,1,1
BRDA:2,0,2,1
BRDA:3,1,0,1
BRDA:3,1,1,0
BRDA:4,2,0,1
BRDA:4,2,1,1
BRDA:7,3,0,1
BRDA:7,3,1,1
BRDA:8,4,0,1
BRDA:8,4,1,1
BRDA:11,5,0,1
BRDA:11,5,1,1
BRDA:11,5,2,1
BRDA:12,6,0,2
BRDA:12,6,1,0
BRDA:12,7,0,2
BRDA:12,7,1,2
BRF:18
BRH:16
end_of_record
TN:
SF:dist\src\repositories\pengirimanDataHasilPemeriksaanFisik.js
FN:2,(anonymous_0)
FN:3,adopt
FN:3,(anonymous_2)
FN:4,(anonymous_3)
FN:5,fulfilled
FN:6,rejected
FN:7,step
FN:11,(anonymous_7)
FN:18,dapatkanHasilPemeriksaanFisik
FN:19,(anonymous_9)
FNF:10
FNH:8
FNDA:1,(anonymous_0)
FNDA:1,adopt
FNDA:0,(anonymous_2)
FNDA:1,(anonymous_3)
FNDA:1,fulfilled
FNDA:0,rejected
FNDA:2,step
FNDA:2,(anonymous_7)
FNDA:1,dapatkanHasilPemeriksaanFisik
FNDA:1,(anonymous_9)
DA:2,1
DA:3,1
DA:4,1
DA:5,1
DA:6,0
DA:7,2
DA:8,1
DA:11,1
DA:12,2
DA:14,1
DA:15,1
DA:16,1
DA:17,1
DA:19,1
DA:20,1
DA:21,1
DA:78,1
DA:81,0
DA:82,0
LF:19
LH:16
BRDA:2,0,0,1
BRDA:2,0,1,1
BRDA:2,0,2,1
BRDA:3,1,0,1
BRDA:3,1,1,0
BRDA:4,2,0,1
BRDA:4,2,1,1
BRDA:7,3,0,1
BRDA:7,3,1,1
BRDA:8,4,0,1
BRDA:8,4,1,1
BRDA:11,5,0,1
BRDA:11,5,1,1
BRDA:11,5,2,1
BRDA:12,6,0,2
BRDA:12,6,1,0
BRDA:12,7,0,2
BRDA:12,7,1,2
BRF:18
BRH:16
end_of_record
TN:
SF:dist\src\repositories\pengirimanDataPemeriksaanPenunjangLaboratorium.js
FN:2,(anonymous_0)
FN:3,adopt
FN:3,(anonymous_2)
FN:4,(anonymous_3)
FN:5,fulfilled
FN:6,rejected
FN:7,step
FN:11,(anonymous_7)
FN:18,dapatkanPemeriksaanLab
FN:19,(anonymous_9)
FNF:10
FNH:8
FNDA:1,(anonymous_0)
FNDA:1,adopt
FNDA:0,(anonymous_2)
FNDA:1,(anonymous_3)
FNDA:1,fulfilled
FNDA:0,rejected
FNDA:2,step
FNDA:2,(anonymous_7)
FNDA:1,dapatkanPemeriksaanLab
FNDA:1,(anonymous_9)
DA:2,1
DA:3,1
DA:4,1
DA:5,1
DA:6,0
DA:7,2
DA:8,1
DA:11,1
DA:12,2
DA:14,1
DA:15,1
DA:16,1
DA:17,1
DA:19,1
DA:20,1
DA:21,1
DA:249,1
DA:255,1
DA:258,0
DA:259,0
LF:20
LH:17
BRDA:2,0,0,1
BRDA:2,0,1,1
BRDA:2,0,2,1
BRDA:3,1,0,1
BRDA:3,1,1,0
BRDA:4,2,0,1
BRDA:4,2,1,1
BRDA:7,3,0,1
BRDA:7,3,1,1
BRDA:8,4,0,1
BRDA:8,4,1,1
BRDA:11,5,0,1
BRDA:11,5,1,1
BRDA:11,5,2,1
BRDA:12,6,0,2
BRDA:12,6,1,0
BRDA:12,7,0,2
BRDA:12,7,1,2
BRF:18
BRH:16
end_of_record
TN:
SF:dist\src\repositories\pengirimanDataPengeluaranObat.js
FN:2,(anonymous_0)
FN:3,adopt
FN:3,(anonymous_2)
FN:4,(anonymous_3)
FN:5,fulfilled
FN:6,rejected
FN:7,step
FN:11,(anonymous_7)
FN:18,dapatkanPengeluaranObat
FN:19,(anonymous_9)
FNF:10
FNH:8
FNDA:1,(anonymous_0)
FNDA:2,adopt
FNDA:0,(anonymous_2)
FNDA:1,(anonymous_3)
FNDA:2,fulfilled
FNDA:0,rejected
FNDA:3,step
FNDA:2,(anonymous_7)
FNDA:1,dapatkanPengeluaranObat
FNDA:1,(anonymous_9)
DA:2,1
DA:3,2
DA:4,1
DA:5,2
DA:6,0
DA:7,3
DA:8,1
DA:11,1
DA:12,2
DA:14,1
DA:15,1
DA:16,1
DA:17,1
DA:19,1
DA:20,1
DA:21,1
DA:131,1
DA:230,1
DA:234,1
DA:237,0
DA:238,0
LF:21
LH:18
BRDA:2,0,0,1
BRDA:2,0,1,1
BRDA:2,0,2,1
BRDA:3,1,0,2
BRDA:3,1,1,0
BRDA:4,2,0,1
BRDA:4,2,1,1
BRDA:7,3,0,1
BRDA:7,3,1,2
BRDA:8,4,0,1
BRDA:8,4,1,1
BRDA:11,5,0,1
BRDA:11,5,1,1
BRDA:11,5,2,1
BRDA:12,6,0,2
BRDA:12,6,1,0
BRDA:12,7,0,2
BRDA:12,7,1,2
BRF:18
BRH:16
end_of_record
TN:
SF:dist\src\repositories\pengirimanDataPeresepanObat.js
FN:2,(anonymous_0)
FN:3,adopt
FN:3,(anonymous_2)
FN:4,(anonymous_3)
FN:5,fulfilled
FN:6,rejected
FN:7,step
FN:11,(anonymous_7)
FN:18,dapatkanPeresepanObat
FN:19,(anonymous_9)
FNF:10
FNH:8
FNDA:1,(anonymous_0)
FNDA:2,adopt
FNDA:0,(anonymous_2)
FNDA:1,(anonymous_3)
FNDA:2,fulfilled
FNDA:0,rejected
FNDA:3,step
FNDA:2,(anonymous_7)
FNDA:1,dapatkanPeresepanObat
FNDA:1,(anonymous_9)
DA:2,1
DA:3,2
DA:4,1
DA:5,2
DA:6,0
DA:7,3
DA:8,1
DA:11,1
DA:12,2
DA:14,1
DA:15,1
DA:16,1
DA:17,1
DA:19,1
DA:20,1
DA:21,1
DA:131,1
DA:230,1
DA:234,1
DA:237,0
DA:238,0
LF:21
LH:18
BRDA:2,0,0,1
BRDA:2,0,1,1
BRDA:2,0,2,1
BRDA:3,1,0,2
BRDA:3,1,1,0
BRDA:4,2,0,1
BRDA:4,2,1,1
BRDA:7,3,0,1
BRDA:7,3,1,2
BRDA:8,4,0,1
BRDA:8,4,1,1
BRDA:11,5,0,1
BRDA:11,5,1,1
BRDA:11,5,2,1
BRDA:12,6,0,2
BRDA:12,6,1,0
BRDA:12,7,0,2
BRDA:12,7,1,2
BRF:18
BRH:16
end_of_record
TN:
SF:dist\src\services\dataKunjunganRawatInapService.js
FN:2,(anonymous_0)
FN:3,adopt
FN:3,(anonymous_2)
FN:4,(anonymous_3)
FN:5,fulfilled
FN:6,rejected
FN:7,step
FN:14,dataKunjunganRawatInapService
FN:15,(anonymous_8)
FN:138,(anonymous_9)
FNF:10
FNH:5
FNDA:1,(anonymous_0)
FNDA:0,adopt
FNDA:0,(anonymous_2)
FNDA:1,(anonymous_3)
FNDA:0,fulfilled
FNDA:0,rejected
FNDA:1,step
FNDA:1,dataKunjunganRawatInapService
FNDA:1,(anonymous_8)
FNDA:0,(anonymous_9)
DA:2,1
DA:3,0
DA:4,1
DA:5,0
DA:6,0
DA:7,1
DA:8,1
DA:11,1
DA:12,1
DA:13,1
DA:15,1
DA:16,1
DA:136,1
DA:137,0
DA:138,0
DA:155,1
LF:16
LH:11
BRDA:2,0,0,1
BRDA:2,0,1,1
BRDA:2,0,2,1
BRDA:3,1,0,0
BRDA:3,1,1,0
BRDA:4,2,0,1
BRDA:4,2,1,1
BRDA:7,3,0,1
BRDA:7,3,1,0
BRDA:8,4,0,1
BRDA:8,4,1,1
BRDA:136,5,0,0
BRDA:136,5,1,1
BRDA:136,6,0,1
BRDA:136,6,1,1
BRF:15
BRH:11
end_of_record
TN:
SF:dist\src\services\pengirimanDataAnamnesisService.js
FN:2,(anonymous_0)
FN:3,adopt
FN:3,(anonymous_2)
FN:4,(anonymous_3)
FN:5,fulfilled
FN:6,rejected
FN:7,step
FN:19,pengirimanDataAnamnesisService
FN:20,(anonymous_8)
FN:25,(anonymous_9)
FN:26,(anonymous_10)
FN:90,(anonymous_11)
FNF:12
FNH:8
FNDA:1,(anonymous_0)
FNDA:0,adopt
FNDA:0,(anonymous_2)
FNDA:1,(anonymous_3)
FNDA:0,fulfilled
FNDA:0,rejected
FNDA:1,step
FNDA:1,pengirimanDataAnamnesisService
FNDA:1,(anonymous_8)
FNDA:1,(anonymous_9)
FNDA:1,(anonymous_10)
FNDA:1,(anonymous_11)
DA:2,1
DA:3,0
DA:4,1
DA:5,0
DA:6,0
DA:7,1
DA:8,1
DA:11,1
DA:12,1
DA:13,1
DA:20,1
DA:21,1
DA:22,1
DA:23,1
DA:24,1
DA:25,1
DA:26,1
DA:27,1
DA:88,1
DA:89,1
DA:90,1
DA:91,1
DA:153,1
DA:154,1
LF:24
LH:21
BRDA:2,0,0,1
BRDA:2,0,1,1
BRDA:2,0,2,1
BRDA:3,1,0,0
BRDA:3,1,1,0
BRDA:4,2,0,1
BRDA:4,2,1,1
BRDA:7,3,0,1
BRDA:7,3,1,0
BRDA:8,4,0,1
BRDA:8,4,1,1
BRDA:24,5,0,1
BRDA:24,5,1,0
BRDA:24,6,0,1
BRDA:24,6,1,1
BRDA:89,7,0,1
BRDA:89,7,1,0
BRDA:89,8,0,1
BRDA:89,8,1,1
BRF:19
BRH:14
end_of_record
TN:
SF:dist\src\services\pengirimanDataDiagnosisService.js
FN:2,(anonymous_0)
FN:3,adopt
FN:3,(anonymous_2)
FN:4,(anonymous_3)
FN:5,fulfilled
FN:6,rejected
FN:7,step
FN:13,pengirimanDataDiagnosisService
FN:14,(anonymous_8)
FN:18,(anonymous_9)
FN:19,(anonymous_10)
FNF:11
FNH:7
FNDA:1,(anonymous_0)
FNDA:0,adopt
FNDA:0,(anonymous_2)
FNDA:1,(anonymous_3)
FNDA:0,fulfilled
FNDA:0,rejected
FNDA:1,step
FNDA:1,pengirimanDataDiagnosisService
FNDA:1,(anonymous_8)
FNDA:1,(anonymous_9)
FNDA:1,(anonymous_10)
DA:2,1
DA:3,0
DA:4,1
DA:5,0
DA:6,0
DA:7,1
DA:8,1
DA:11,1
DA:12,1
DA:14,1
DA:15,1
DA:16,1
DA:17,1
DA:18,1
DA:19,1
DA:20,1
DA:81,1
LF:17
LH:14
BRDA:2,0,0,1
BRDA:2,0,1,1
BRDA:2,0,2,1
BRDA:3,1,0,0
BRDA:3,1,1,0
BRDA:4,2,0,1
BRDA:4,2,1,1
BRDA:7,3,0,1
BRDA:7,3,1,0
BRDA:8,4,0,1
BRDA:8,4,1,1
BRDA:17,5,0,1
BRDA:17,5,1,0
BRDA:17,6,0,1
BRDA:17,6,1,1
BRF:15
BRH:11
end_of_record
TN:
SF:dist\src\services\pengirimanDataHasilPemeriksaanFisikService.js
FN:2,(anonymous_0)
FN:3,adopt
FN:3,(anonymous_2)
FN:4,(anonymous_3)
FN:5,fulfilled
FN:6,rejected
FN:7,step
FN:15,pengirimanDataHasilPemeriksaanFisikService
FN:16,(anonymous_8)
FN:20,(anonymous_9)
FN:21,(anonymous_10)
FN:107,(anonymous_11)
FNF:12
FNH:8
FNDA:1,(anonymous_0)
FNDA:0,adopt
FNDA:0,(anonymous_2)
FNDA:1,(anonymous_3)
FNDA:0,fulfilled
FNDA:0,rejected
FNDA:1,step
FNDA:1,pengirimanDataHasilPemeriksaanFisikService
FNDA:1,(anonymous_8)
FNDA:1,(anonymous_9)
FNDA:5,(anonymous_10)
FNDA:5,(anonymous_11)
DA:2,1
DA:3,0
DA:4,1
DA:5,0
DA:6,0
DA:7,1
DA:8,1
DA:11,1
DA:12,1
DA:13,1
DA:14,1
DA:16,1
DA:17,1
DA:18,1
DA:20,1
DA:21,1
DA:22,5
DA:23,2
DA:24,3
DA:25,3
DA:89,1
DA:90,1
DA:91,1
DA:92,1
DA:93,1
DA:95,1
DA:97,1
DA:99,1
DA:100,1
DA:101,1
DA:108,5
DA:109,3
DA:114,1
LF:33
LH:30
BRDA:2,0,0,1
BRDA:2,0,1,1
BRDA:2,0,2,1
BRDA:3,1,0,0
BRDA:3,1,1,0
BRDA:4,2,0,1
BRDA:4,2,1,1
BRDA:7,3,0,1
BRDA:7,3,1,0
BRDA:8,4,0,1
BRDA:8,4,1,1
BRDA:18,5,0,1
BRDA:18,5,1,0
BRDA:18,6,0,1
BRDA:18,6,1,1
BRDA:22,7,0,2
BRDA:22,7,1,3
BRDA:59,8,0,3
BRDA:59,8,1,0
BRDA:72,9,0,3
BRDA:72,9,1,0
BRDA:93,10,0,1
BRDA:93,10,1,1
BRDA:93,11,0,1
BRDA:93,11,1,0
BRDA:93,12,0,1
BRDA:93,12,1,0
BRDA:95,13,0,1
BRDA:95,13,1,1
BRDA:95,14,0,1
BRDA:95,14,1,0
BRDA:95,15,0,1
BRDA:95,15,1,0
BRDA:108,16,0,3
BRDA:108,16,1,2
BRF:35
BRH:25
end_of_record
TN:
SF:dist\src\services\pengirimanDataPemeriksaanPenunjangLaboratoriumService.js
FN:2,(anonymous_0)
FN:3,adopt
FN:3,(anonymous_2)
FN:4,(anonymous_3)
FN:5,fulfilled
FN:6,rejected
FN:7,step
FN:13,pengirimanDataPemeriksaanPenunjangLaboratoriumService
FN:14,(anonymous_8)
FN:18,(anonymous_9)
FN:104,(anonymous_10)
FN:223,(anonymous_11)
FN:340,(anonymous_12)
FNF:13
FNH:6
FNDA:1,(anonymous_0)
FNDA:0,adopt
FNDA:0,(anonymous_2)
FNDA:1,(anonymous_3)
FNDA:0,fulfilled
FNDA:0,rejected
FNDA:1,step
FNDA:1,pengirimanDataPemeriksaanPenunjangLaboratoriumService
FNDA:1,(anonymous_8)
FNDA:0,(anonymous_9)
FNDA:0,(anonymous_10)
FNDA:0,(anonymous_11)
FNDA:15,(anonymous_12)
DA:2,1
DA:3,0
DA:4,1
DA:5,0
DA:6,0
DA:7,1
DA:8,1
DA:11,1
DA:12,1
DA:14,1
DA:15,1
DA:16,1
DA:18,0
DA:19,0
DA:102,1
DA:104,0
DA:105,0
DA:221,1
DA:223,0
DA:224,0
DA:225,0
DA:338,1
DA:340,1
DA:341,15
DA:424,1
LF:25
LH:15
BRDA:2,0,0,1
BRDA:2,0,1,1
BRDA:2,0,2,1
BRDA:3,1,0,0
BRDA:3,1,1,0
BRDA:4,2,0,1
BRDA:4,2,1,1
BRDA:7,3,0,1
BRDA:7,3,1,0
BRDA:8,4,0,1
BRDA:8,4,1,1
BRDA:16,5,0,0
BRDA:16,5,1,1
BRDA:16,6,0,1
BRDA:16,6,1,1
BRDA:102,7,0,0
BRDA:102,7,1,1
BRDA:102,8,0,1
BRDA:102,8,1,1
BRDA:221,9,0,0
BRDA:221,9,1,1
BRDA:221,10,0,1
BRDA:221,10,1,1
BRDA:267,11,0,0
BRDA:267,11,1,0
BRDA:294,12,0,0
BRDA:294,12,1,0
BRDA:338,13,0,1
BRDA:338,13,1,0
BRDA:338,14,0,1
BRDA:338,14,1,1
BRF:31
BRH:20
end_of_record
TN:
SF:dist\src\services\pengirimanDataPengeluaranObatService.js
FN:2,(anonymous_0)
FN:3,adopt
FN:3,(anonymous_2)
FN:4,(anonymous_3)
FN:5,fulfilled
FN:6,rejected
FN:7,step
FN:14,pengirimanDataPengeluaranObat
FN:15,(anonymous_8)
FN:20,(anonymous_9)
FN:122,(anonymous_10)
FNF:11
FNH:7
FNDA:1,(anonymous_0)
FNDA:0,adopt
FNDA:0,(anonymous_2)
FNDA:1,(anonymous_3)
FNDA:0,fulfilled
FNDA:0,rejected
FNDA:1,step
FNDA:1,pengirimanDataPengeluaranObat
FNDA:1,(anonymous_8)
FNDA:2,(anonymous_9)
FNDA:2,(anonymous_10)
DA:2,1
DA:3,0
DA:4,1
DA:5,0
DA:6,0
DA:7,1
DA:8,1
DA:11,1
DA:12,1
DA:13,1
DA:15,1
DA:16,1
DA:17,1
DA:18,1
DA:19,1
DA:20,1
DA:21,2
DA:24,2
DA:28,2
DA:29,1
DA:30,1
DA:33,1
DA:34,1
DA:36,2
DA:121,1
DA:122,1
DA:123,2
DA:262,1
LF:28
LH:25
BRDA:2,0,0,1
BRDA:2,0,1,1
BRDA:2,0,2,1
BRDA:3,1,0,0
BRDA:3,1,1,0
BRDA:4,2,0,1
BRDA:4,2,1,1
BRDA:7,3,0,1
BRDA:7,3,1,0
BRDA:8,4,0,1
BRDA:8,4,1,1
BRDA:19,5,0,1
BRDA:19,5,1,0
BRDA:19,6,0,1
BRDA:19,6,1,1
BRDA:21,7,0,2
BRDA:21,7,1,0
BRDA:28,8,0,1
BRDA:28,8,1,1
BRDA:55,9,0,2
BRDA:55,9,1,1
BRDA:63,10,0,2
BRDA:63,10,1,1
BRDA:73,11,0,2
BRDA:73,11,1,2
BRDA:83,12,0,2
BRDA:83,12,1,1
BRDA:83,12,2,1
BRDA:97,13,0,1
BRDA:97,13,1,0
BRDA:121,14,0,1
BRDA:121,14,1,0
BRDA:121,15,0,1
BRDA:121,15,1,1
BRDA:191,16,0,2
BRDA:191,16,1,0
BRDA:199,17,0,2
BRDA:199,17,1,0
BRDA:210,18,0,2
BRDA:210,18,1,0
BRDA:228,19,0,2
BRDA:228,19,1,0
BRDA:235,20,0,2
BRDA:235,20,1,0
BRDA:247,21,0,2
BRDA:247,21,1,0
BRDA:247,21,2,0
BRF:47
BRH:33
end_of_record
TN:
SF:dist\src\services\pengirimanDataPeresepanObatService.js
FN:2,(anonymous_0)
FN:3,adopt
FN:3,(anonymous_2)
FN:4,(anonymous_3)
FN:5,fulfilled
FN:6,rejected
FN:7,step
FN:13,pengirimanDataPeresepanObat
FN:14,(anonymous_8)
FN:19,(anonymous_9)
FN:121,(anonymous_10)
FNF:11
FNH:7
FNDA:1,(anonymous_0)
FNDA:0,adopt
FNDA:0,(anonymous_2)
FNDA:1,(anonymous_3)
FNDA:0,fulfilled
FNDA:0,rejected
FNDA:1,step
FNDA:1,pengirimanDataPeresepanObat
FNDA:1,(anonymous_8)
FNDA:2,(anonymous_9)
FNDA:2,(anonymous_10)
DA:2,1
DA:3,0
DA:4,1
DA:5,0
DA:6,0
DA:7,1
DA:8,1
DA:11,1
DA:12,1
DA:14,1
DA:15,1
DA:16,1
DA:17,1
DA:18,1
DA:19,1
DA:20,2
DA:23,2
DA:27,2
DA:28,1
DA:29,1
DA:32,1
DA:33,1
DA:35,2
DA:120,1
DA:121,1
DA:122,2
DA:266,1
LF:27
LH:24
BRDA:2,0,0,1
BRDA:2,0,1,1
BRDA:2,0,2,1
BRDA:3,1,0,0
BRDA:3,1,1,0
BRDA:4,2,0,1
BRDA:4,2,1,1
BRDA:7,3,0,1
BRDA:7,3,1,0
BRDA:8,4,0,1
BRDA:8,4,1,1
BRDA:18,5,0,1
BRDA:18,5,1,0
BRDA:18,6,0,1
BRDA:18,6,1,1
BRDA:20,7,0,2
BRDA:20,7,1,0
BRDA:27,8,0,1
BRDA:27,8,1,1
BRDA:54,9,0,2
BRDA:54,9,1,1
BRDA:62,10,0,2
BRDA:62,10,1,1
BRDA:72,11,0,2
BRDA:72,11,1,2
BRDA:82,12,0,2
BRDA:82,12,1,1
BRDA:82,12,2,0
BRDA:96,13,0,0
BRDA:96,13,1,0
BRDA:120,14,0,1
BRDA:120,14,1,0
BRDA:120,15,0,1
BRDA:120,15,1,1
BRDA:196,16,0,2
BRDA:196,16,1,0
BRDA:224,17,0,2
BRDA:224,17,1,0
BRDA:228,18,0,2
BRDA:228,18,1,0
BRDA:235,19,0,2
BRDA:235,19,1,0
BRDA:235,19,2,0
BRDA:241,20,0,2
BRDA:241,20,1,0
BRDA:248,21,0,2
BRDA:248,21,1,0
BRF:47
BRH:31
end_of_record
TN:
SF:dist\src\utils\errorHandler.js
FN:4,(anonymous_0)
FNF:1
FNH:0
FNDA:0,(anonymous_0)
DA:2,1
DA:5,0
DA:6,0
DA:7,0
DA:10,0
DA:11,0
DA:14,1
LF:7
LH:2
BRDA:7,0,0,0
BRDA:7,0,1,0
BRF:2
BRH:0
end_of_record
TN:
SF:dist\src\utils\fsJson.js
FN:2,(anonymous_0)
FN:3,adopt
FN:3,(anonymous_2)
FN:4,(anonymous_3)
FN:5,fulfilled
FN:6,rejected
FN:7,step
FN:11,(anonymous_7)
FN:19,writeJSONBundlePasien
FN:20,(anonymous_9)
FN:29,writeJSON
FN:30,(anonymous_11)
FNF:12
FNH:9
FNDA:7,(anonymous_0)
FNDA:7,adopt
FNDA:7,(anonymous_2)
FNDA:7,(anonymous_3)
FNDA:7,fulfilled
FNDA:0,rejected
FNDA:14,step
FNDA:1,(anonymous_7)
FNDA:0,writeJSONBundlePasien
FNDA:0,(anonymous_9)
FNDA:7,writeJSON
FNDA:7,(anonymous_11)
DA:2,1
DA:3,7
DA:4,7
DA:5,7
DA:6,0
DA:7,14
DA:8,7
DA:11,1
DA:12,1
DA:14,1
DA:15,1
DA:16,1
DA:17,1
DA:18,1
DA:20,0
DA:21,0
DA:22,0
DA:25,0
DA:30,7
DA:31,7
DA:32,7
DA:33,7
DA:34,7
DA:37,0
DA:38,0
LF:25
LH:18
BRDA:2,0,0,1
BRDA:2,0,1,1
BRDA:2,0,2,1
BRDA:3,1,0,0
BRDA:3,1,1,7
BRDA:4,2,0,7
BRDA:4,2,1,7
BRDA:7,3,0,7
BRDA:7,3,1,7
BRDA:8,4,0,7
BRDA:8,4,1,7
BRDA:11,5,0,1
BRDA:11,5,1,1
BRDA:11,5,2,1
BRDA:12,6,0,0
BRDA:12,6,1,1
BRDA:12,7,0,1
BRDA:12,7,1,1
BRDA:21,8,0,0
BRDA:21,8,1,0
BRF:20
BRH:16
end_of_record
TN:
SF:dist\src\utils\functions.js
FN:6,(anonymous_0)
FN:11,splitBloodPressure
FN:30,classifyBloodPressure
FNF:3
FNH:3
FNDA:6,(anonymous_0)
FNDA:1,splitBloodPressure
FNDA:2,classifyBloodPressure
DA:2,1
DA:3,1
DA:4,1
DA:5,1
DA:6,1
DA:7,6
DA:8,6
DA:10,1
DA:12,1
DA:15,1
DA:17,0
DA:18,0
DA:19,0
DA:20,0
DA:21,0
DA:27,0
DA:31,2
DA:32,2
DA:34,0
DA:35,0
DA:36,0
DA:38,0
DA:39,0
DA:41,0
DA:42,0
DA:44,0
DA:45,0
DA:47,0
DA:48,0
DA:50,0
DA:51,0
DA:54,0
DA:59,0
DA:60,0
DA:62,0
DA:63,0
DA:65,0
DA:67,0
DA:69,0
DA:70,0
DA:72,0
DA:73,0
DA:75,0
DA:76,0
DA:79,0
LF:45
LH:12
BRDA:12,0,0,1
BRDA:12,0,1,0
BRDA:12,1,0,1
BRDA:12,1,1,1
BRDA:12,1,2,0
BRDA:18,2,0,0
BRDA:18,2,1,0
BRDA:22,3,0,0
BRDA:22,3,1,0
BRDA:23,4,0,0
BRDA:23,4,1,0
BRDA:31,5,0,2
BRDA:31,5,1,0
BRDA:34,6,0,0
BRDA:34,6,1,0
BRDA:35,7,0,0
BRDA:35,7,1,0
BRDA:38,8,0,0
BRDA:38,8,1,0
BRDA:41,9,0,0
BRDA:41,9,1,0
BRDA:44,10,0,0
BRDA:44,10,1,0
BRDA:47,11,0,0
BRDA:47,11,1,0
BRDA:50,12,0,0
BRDA:50,12,1,0
BRDA:59,13,0,0
BRDA:59,13,1,0
BRDA:62,14,0,0
BRDA:62,14,1,0
BRDA:65,15,0,0
BRDA:65,15,1,0
BRDA:69,16,0,0
BRDA:69,16,1,0
BRDA:72,17,0,0
BRDA:72,17,1,0
BRDA:75,18,0,0
BRDA:75,18,1,0
BRF:39
BRH:4
end_of_record
TN:
SF:src\config\databaseConfig.ts
FNF:0
FNH:0
DA:1,1
DA:3,1
DA:5,1
DA:6,1
DA:7,1
DA:8,1
DA:9,1
DA:10,1
LF:8
LH:8
BRF:0
BRH:0
end_of_record
TN:
SF:src\repositories\dbConnect.ts
FN:12,(anonymous_13)
FN:12,(anonymous_14)
FN:25,(anonymous_15)
FNF:3
FNH:3
FNDA:1,(anonymous_13)
FNDA:1,(anonymous_14)
FNDA:12,(anonymous_15)
DA:1,1
DA:2,1
DA:4,1
DA:12,1
DA:13,1
DA:14,1
DA:15,1
DA:16,1
DA:18,0
DA:24,1
DA:25,12
LF:11
LH:10
BRDA:25,0,0,12
BRF:1
BRH:1
end_of_record
TN:
SF:src\repositories\pengirimanDataAnamnesis.ts
FN:5,dapatkanDataAnamnesis
FNF:1
FNH:1
FNDA:1,dapatkanDataAnamnesis
DA:1,1
DA:3,1
DA:5,1
DA:10,1
DA:11,1
DA:103,1
DA:108,1
DA:110,0
DA:111,0
LF:9
LH:7
BRF:0
BRH:0
end_of_record
TN:
SF:src\repositories\pengirimanDataDiagnosis.ts
FN:5,dapatkanDataDiagnosis
FNF:1
FNH:1
FNDA:1,dapatkanDataDiagnosis
DA:1,1
DA:3,1
DA:5,1
DA:10,1
DA:11,1
DA:57,1
DA:59,0
DA:60,0
LF:8
LH:6
BRF:0
BRH:0
end_of_record
TN:
SF:src\repositories\pengirimanDataHasilPemeriksaanFisik.ts
FN:8,dapatkanHasilPemeriksaanFisik
FNF:1
FNH:1
FNDA:1,dapatkanHasilPemeriksaanFisik
DA:1,1
DA:6,1
DA:8,1
DA:11,1
DA:12,1
DA:71,1
DA:73,0
DA:74,0
LF:8
LH:6
BRF:0
BRH:0
end_of_record
TN:
SF:src\repositories\pengirimanDataPemeriksaanPenunjangLaboratorium.ts
FN:12,dapatkanPemeriksaanLab
FNF:1
FNH:1
FNDA:1,dapatkanPemeriksaanLab
DA:1,1
DA:10,1
DA:12,1
DA:15,1
DA:17,1
DA:254,1
DA:261,1
DA:263,0
DA:264,0
LF:9
LH:7
BRF:0
BRH:0
end_of_record
TN:
SF:src\repositories\pengirimanDataPengeluaranObat.ts
FN:5,dapatkanPengeluaranObat
FNF:1
FNH:1
FNDA:1,dapatkanPengeluaranObat
DA:1,1
DA:3,1
DA:5,1
DA:8,1
DA:9,1
DA:122,1
DA:224,1
DA:229,1
DA:231,0
DA:232,0
LF:10
LH:8
BRF:0
BRH:0
end_of_record
TN:
SF:src\repositories\pengirimanDataPeresepanObat.ts
FN:5,dapatkanPeresepanObat
FNF:1
FNH:1
FNDA:1,dapatkanPeresepanObat
DA:1,1
DA:3,1
DA:5,1
DA:8,1
DA:9,1
DA:122,1
DA:224,1
DA:229,1
DA:231,0
DA:232,0
LF:10
LH:8
BRF:0
BRH:0
end_of_record
TN:
SF:src\services\dataKunjunganRawatInapService.ts
FN:9,dataKunjunganRawatInapService
FN:139,(anonymous_9)
FNF:2
FNH:1
FNDA:1,dataKunjunganRawatInapService
FNDA:0,(anonymous_9)
DA:2,1
DA:9,1
DA:16,1
DA:137,1
DA:138,0
DA:139,0
DA:158,1
LF:7
LH:5
BRDA:137,0,0,0
BRDA:137,1,0,1
BRDA:137,1,1,1
BRF:3
BRH:2
end_of_record
TN:
SF:src\services\pengirimanDataAnamnesisService.ts
FN:11,pengirimanDataAnamnesisService
FN:20,(anonymous_9)
FN:21,(anonymous_10)
FN:86,(anonymous_11)
FNF:4
FNH:4
FNDA:1,pengirimanDataAnamnesisService
FNDA:1,(anonymous_9)
FNDA:1,(anonymous_10)
FNDA:1,(anonymous_11)
DA:4,1
DA:11,1
DA:15,1
DA:16,1
DA:18,1
DA:19,1
DA:20,1
DA:21,1
DA:22,1
DA:84,1
DA:85,1
DA:86,1
DA:87,1
DA:151,1
DA:152,1
LF:15
LH:15
BRDA:19,0,0,1
BRDA:19,1,0,1
BRDA:19,1,1,1
BRDA:85,2,0,1
BRDA:85,3,0,1
BRDA:85,3,1,1
BRF:6
BRH:6
end_of_record
TN:
SF:src\services\pengirimanDataDiagnosisService.ts
FN:8,pengirimanDataDiagnosisService
FN:16,(anonymous_9)
FN:17,(anonymous_10)
FNF:3
FNH:3
FNDA:1,pengirimanDataDiagnosisService
FNDA:1,(anonymous_9)
FNDA:1,(anonymous_10)
DA:8,1
DA:12,1
DA:14,1
DA:15,1
DA:16,1
DA:17,1
DA:18,1
DA:80,1
LF:8
LH:8
BRDA:15,0,0,1
BRDA:15,1,0,1
BRDA:15,1,1,1
BRF:3
BRH:3
end_of_record
TN:
SF:src\services\pengirimanDataHasilPemeriksaanFisikService.ts
FN:8,pengirimanDataHasilPemeriksaanFisikService
FN:18,(anonymous_9)
FN:19,(anonymous_10)
FN:197,(anonymous_11)
FNF:4
FNH:4
FNDA:1,pengirimanDataHasilPemeriksaanFisikService
FNDA:1,(anonymous_9)
FNDA:5,(anonymous_10)
FNDA:5,(anonymous_11)
DA:1,1
DA:6,1
DA:8,1
DA:12,1
DA:14,1
DA:18,1
DA:19,1
DA:31,5
DA:33,3
DA:34,3
DA:115,1
DA:116,1
DA:117,1
DA:121,1
DA:126,1
DA:139,1
DA:152,1
DA:165,1
DA:178,1
DA:191,1
DA:198,5
DA:199,3
DA:205,1
LF:23
LH:23
BRDA:14,0,0,1
BRDA:15,1,0,1
BRDA:15,1,1,1
BRDA:31,2,0,2
BRDA:80,3,0,3
BRDA:80,3,1,0
BRDA:95,4,0,3
BRDA:95,4,1,0
BRDA:129,5,0,1
BRDA:129,5,1,1
BRDA:129,6,0,1
BRDA:129,6,1,0
BRDA:129,7,0,1
BRDA:129,7,1,0
BRDA:142,8,0,1
BRDA:142,8,1,1
BRDA:142,9,0,1
BRDA:142,9,1,0
BRDA:142,10,0,1
BRDA:142,10,1,0
BRDA:198,11,0,3
BRF:21
BRH:15
end_of_record
TN:
SF:src\services\pengirimanDataPemeriksaanPenunjangLaboratoriumService.ts
FN:10,pengirimanDataPemeriksaanPenunjangLaboratoriumService
FN:20,(anonymous_9)
FN:110,(anonymous_10)
FN:233,(anonymous_11)
FN:371,(anonymous_12)
FNF:5
FNH:2
FNDA:1,pengirimanDataPemeriksaanPenunjangLaboratoriumService
FNDA:0,(anonymous_9)
FNDA:0,(anonymous_10)
FNDA:0,(anonymous_11)
FNDA:15,(anonymous_12)
DA:10,1
DA:13,1
DA:15,1
DA:19,0
DA:21,0
DA:106,1
DA:110,0
DA:111,0
DA:228,1
DA:232,0
DA:234,0
DA:235,0
DA:366,1
DA:370,1
DA:372,15
DA:457,1
LF:16
LH:9
BRDA:15,0,0,0
BRDA:16,1,0,1
BRDA:16,1,1,1
BRDA:106,2,0,0
BRDA:107,3,0,1
BRDA:107,3,1,1
BRDA:228,4,0,0
BRDA:229,5,0,1
BRDA:229,5,1,1
BRDA:287,6,0,0
BRDA:287,6,1,0
BRDA:319,7,0,0
BRDA:319,7,1,0
BRDA:366,8,0,1
BRDA:367,9,0,1
BRDA:367,9,1,1
BRF:16
BRH:9
end_of_record
TN:
SF:src\services\pengirimanDataPengeluaranObatService.ts
FN:4,pengirimanDataPengeluaranObat
FN:15,(anonymous_9)
FN:137,(anonymous_10)
FNF:3
FNH:3
FNDA:1,pengirimanDataPengeluaranObat
FNDA:2,(anonymous_9)
FNDA:2,(anonymous_10)
DA:1,1
DA:4,1
DA:9,1
DA:11,1
DA:12,1
DA:14,1
DA:15,1
DA:17,2
DA:21,2
DA:26,2
DA:27,1
DA:28,1
DA:30,1
DA:31,1
DA:34,2
DA:136,1
DA:137,1
DA:138,2
DA:309,1
LF:19
LH:19
BRDA:14,0,0,1
BRDA:14,1,0,1
BRDA:14,1,1,1
BRDA:17,2,0,2
BRDA:17,2,1,0
BRDA:26,3,0,1
BRDA:26,3,1,1
BRDA:57,4,0,2
BRDA:57,4,1,1
BRDA:66,5,0,2
BRDA:66,5,1,1
BRDA:81,6,0,2
BRDA:81,6,1,2
BRDA:92,7,0,2
BRDA:92,7,1,1
BRDA:92,7,2,1
BRDA:108,8,0,1
BRDA:108,8,1,0
BRDA:136,9,0,1
BRDA:136,10,0,1
BRDA:136,10,1,1
BRDA:221,11,0,2
BRDA:221,11,1,0
BRDA:232,12,0,2
BRDA:232,12,1,0
BRDA:246,13,0,2
BRDA:246,13,1,0
BRDA:270,14,0,2
BRDA:270,14,1,0
BRDA:278,15,0,2
BRDA:278,15,1,0
BRDA:292,16,0,2
BRDA:292,16,1,0
BRDA:292,16,2,0
BRF:34
BRH:25
end_of_record
TN:
SF:src\services\pengirimanDataPeresepanObatService.ts
FN:3,pengirimanDataPeresepanObat
FN:13,(anonymous_9)
FN:135,(anonymous_10)
FNF:3
FNH:3
FNDA:1,pengirimanDataPeresepanObat
FNDA:2,(anonymous_9)
FNDA:2,(anonymous_10)
DA:3,1
DA:7,1
DA:9,1
DA:10,1
DA:12,1
DA:13,1
DA:15,2
DA:19,2
DA:24,2
DA:25,1
DA:26,1
DA:28,1
DA:29,1
DA:32,2
DA:134,1
DA:135,1
DA:136,2
DA:297,1
LF:18
LH:18
BRDA:12,0,0,1
BRDA:12,1,0,1
BRDA:12,1,1,1
BRDA:15,2,0,2
BRDA:15,2,1,0
BRDA:24,3,0,1
BRDA:24,3,1,1
BRDA:55,4,0,2
BRDA:55,4,1,1
BRDA:64,5,0,2
BRDA:64,5,1,1
BRDA:79,6,0,2
BRDA:79,6,1,2
BRDA:90,7,0,2
BRDA:90,7,1,1
BRDA:90,7,2,0
BRDA:106,8,0,0
BRDA:106,8,1,0
BRDA:134,9,0,1
BRDA:134,10,0,1
BRDA:134,10,1,1
BRDA:214,11,0,2
BRDA:214,11,1,0
BRDA:246,12,0,2
BRDA:246,12,1,0
BRDA:252,13,0,2
BRDA:252,13,1,0
BRDA:260,14,0,2
BRDA:260,14,1,0
BRDA:260,14,2,0
BRDA:268,15,0,2
BRDA:268,15,1,0
BRDA:276,16,0,2
BRDA:276,16,1,0
BRF:34
BRH:23
end_of_record
TN:
SF:src\utils\errorHandler.ts
FN:6,(anonymous_0)
FNF:1
FNH:0
FNDA:0,(anonymous_0)
DA:1,1
DA:7,0
DA:9,0
DA:10,0
DA:14,0
DA:16,0
LF:6
LH:1
BRDA:10,0,0,0
BRDA:10,0,1,0
BRF:2
BRH:0
end_of_record
TN:
SF:src\utils\fsJson.ts
FN:6,writeJSONBundlePasien
FN:13,(anonymous_9)
FN:28,writeJSON
FNF:3
FNH:1
FNDA:0,writeJSONBundlePasien
FNDA:0,(anonymous_9)
FNDA:7,writeJSON
DA:2,1
DA:4,1
DA:6,1
DA:10,0
DA:14,0
DA:15,0
DA:20,0
DA:28,1
DA:32,7
DA:38,7
DA:39,7
DA:44,7
DA:46,0
DA:47,0
LF:14
LH:8
BRDA:14,0,0,0
BRDA:14,0,1,0
BRF:2
BRH:0
end_of_record
TN:
SF:src\utils\functions.ts
FN:1,(anonymous_0)
FN:6,splitBloodPressure
FN:32,classifyBloodPressure
FNF:3
FNH:3
FNDA:6,(anonymous_0)
FNDA:1,splitBloodPressure
FNDA:2,classifyBloodPressure
DA:1,1
DA:2,6
DA:3,6
DA:6,1
DA:10,1
DA:15,1
DA:18,0
DA:19,0
DA:20,0
DA:21,0
DA:23,0
DA:28,0
DA:32,1
DA:36,2
DA:37,2
DA:40,0
DA:41,0
DA:42,0
DA:43,0
DA:44,0
DA:45,0
DA:46,0
DA:47,0
DA:48,0
DA:49,0
DA:50,0
DA:51,0
DA:52,0
DA:54,0
DA:58,0
DA:59,0
DA:60,0
DA:61,0
DA:62,0
DA:64,0
DA:65,0
DA:66,0
DA:67,0
DA:68,0
DA:69,0
DA:70,0
DA:72,0
LF:42
LH:9
BRDA:10,0,0,1
BRDA:11,1,0,1
BRDA:11,1,1,1
BRDA:11,1,2,0
BRDA:19,2,0,0
BRDA:19,2,1,0
BRDA:24,3,0,0
BRDA:24,3,1,0
BRDA:25,4,0,0
BRDA:25,4,1,0
BRDA:36,5,0,2
BRDA:40,6,0,0
BRDA:40,6,1,0
BRDA:41,7,0,0
BRDA:41,7,1,0
BRDA:43,8,0,0
BRDA:43,8,1,0
BRDA:45,9,0,0
BRDA:45,9,1,0
BRDA:47,10,0,0
BRDA:47,10,1,0
BRDA:49,11,0,0
BRDA:49,11,1,0
BRDA:51,12,0,0
BRDA:51,12,1,0
BRDA:58,13,0,0
BRDA:58,13,1,0
BRDA:60,14,0,0
BRDA:60,14,1,0
BRDA:62,15,0,0
BRDA:62,15,1,0
BRDA:65,16,0,0
BRDA:65,16,1,0
BRDA:67,17,0,0
BRDA:67,17,1,0
BRDA:69,18,0,0
BRDA:69,18,1,0
BRF:37
BRH:4
end_of_record
